Using pre-set license
Built from '2021.2/staging' branch; Version is '2021.2.7f1 (6bd9e232123f) revision 7068130'; Using compiler version '192829333'; Build Type 'Release'
OS: 'Windows 10  (10.0.19043) 64bit CoreSingleLanguage' Language: 'en' Physical Memory: 8067 MB
BatchMode: 1, IsHumanControllingUs: 0, StartBugReporterOnCrash: 0, Is64bit: 1, IsPro: 0

COMMAND LINE ARGUMENTS:
C:\unity2020\2021.2.7f1\Editor\Unity.exe
-adb2
-batchMode
-noUpm
-name
AssetImportWorker7
-projectPath
C:/Users/cozilas/Desktop/dogGame/doggyGame/projectUni
-logFile
Logs/AssetImportWorker7.log
-srvPort
63946
Successfully changed project path to: C:/Users/cozilas/Desktop/dogGame/doggyGame/projectUni
C:/Users/cozilas/Desktop/dogGame/doggyGame/projectUni
[UnityMemory] Configuration Parameters - Can be set up in boot.config
    "memorysetup-bucket-allocator-granularity=16"
    "memorysetup-bucket-allocator-bucket-count=8"
    "memorysetup-bucket-allocator-block-size=33554432"
    "memorysetup-bucket-allocator-block-count=8"
    "memorysetup-main-allocator-block-size=16777216"
    "memorysetup-thread-allocator-block-size=16777216"
    "memorysetup-gfx-main-allocator-block-size=16777216"
    "memorysetup-gfx-thread-allocator-block-size=16777216"
    "memorysetup-cache-allocator-block-size=4194304"
    "memorysetup-typetree-allocator-block-size=2097152"
    "memorysetup-profiler-bucket-allocator-granularity=16"
    "memorysetup-profiler-bucket-allocator-bucket-count=8"
    "memorysetup-profiler-bucket-allocator-block-size=33554432"
    "memorysetup-profiler-bucket-allocator-block-count=8"
    "memorysetup-profiler-allocator-block-size=16777216"
    "memorysetup-profiler-editor-allocator-block-size=1048576"
    "memorysetup-temp-allocator-size-main=16777216"
    "memorysetup-job-temp-allocator-block-size=2097152"
    "memorysetup-job-temp-allocator-block-size-background=1048576"
    "memorysetup-job-temp-allocator-reduction-small-platforms=262144"
    "memorysetup-temp-allocator-size-background-worker=32768"
    "memorysetup-temp-allocator-size-job-worker=262144"
    "memorysetup-temp-allocator-size-preload-manager=33554432"
    "memorysetup-temp-allocator-size-nav-mesh-worker=65536"
    "memorysetup-temp-allocator-size-audio-worker=65536"
    "memorysetup-temp-allocator-size-cloud-worker=32768"
    "memorysetup-temp-allocator-size-gi-baking-worker=262144"
    "memorysetup-temp-allocator-size-gfx=262144"
Refreshing native plugins compatible for Editor in 238.50 ms, found 3 plugins.
Preloading 0 native plugins for Editor in 0.00 ms.
Initialize engine version: 2021.2.7f1 (6bd9e232123f)
[Subsystems] Discovering subsystems at path C:/unity2020/2021.2.7f1/Editor/Data/Resources/UnitySubsystems
[Subsystems] Discovering subsystems at path C:/Users/cozilas/Desktop/dogGame/doggyGame/projectUni/Assets
GfxDevice: creating device client; threaded=0; jobified=0
Direct3D:
    Version:  Direct3D 11.0 [level 11.1]
    Renderer: NVIDIA GeForce GTX 1660 Ti (ID=0x2191)
    Vendor:   NVIDIA
    VRAM:     5991 MB
    Driver:   27.21.14.6280
Initialize mono
Mono path[0] = 'C:/unity2020/2021.2.7f1/Editor/Data/Managed'
Mono path[1] = 'C:/unity2020/2021.2.7f1/Editor/Data/MonoBleedingEdge/lib/mono/unityjit-win32'
Mono config path = 'C:/unity2020/2021.2.7f1/Editor/Data/MonoBleedingEdge/etc'
Using monoOptions --debugger-agent=transport=dt_socket,embedding=1,server=y,suspend=n,address=127.0.0.1:56420
Begin MonoManager ReloadAssembly
Registering precompiled unity dll's ...
Register platform support module: C:/unity2020/2021.2.7f1/Editor/Data/PlaybackEngines/WindowsStandaloneSupport/UnityEditor.WindowsStandalone.Extensions.dll
Registered in 0.007676 seconds.
Native extension for WindowsStandalone target not found
Refreshing native plugins compatible for Editor in 193.63 ms, found 3 plugins.
Preloading 0 native plugins for Editor in 0.00 ms.
Mono: successfully reloaded assembly
- Completed reload, in  1.052 seconds
Domain Reload Profiling:
	ReloadAssembly (1053ms)
		BeginReloadAssembly (129ms)
			ExecutionOrderSort (0ms)
			DisableScriptedObjects (0ms)
			BackupInstance (0ms)
			ReleaseScriptingObjects (0ms)
			CreateAndSetChildDomain (1ms)
		EndReloadAssembly (801ms)
			LoadAssemblies (126ms)
			RebuildTransferFunctionScriptingTraits (0ms)
			SetupTypeCache (162ms)
			ReleaseScriptCaches (0ms)
			RebuildScriptCaches (43ms)
			SetupLoadedEditorAssemblies (516ms)
				LogAssemblyErrors (0ms)
				InitializePlatformSupportModulesInManaged (22ms)
				SetLoadedEditorAssemblies (0ms)
				RefreshPlugins (194ms)
				BeforeProcessingInitializeOnLoad (2ms)
				ProcessInitializeOnLoadAttributes (226ms)
				ProcessInitializeOnLoadMethodAttributes (71ms)
				AfterProcessingInitializeOnLoad (0ms)
				EditorAssembliesLoaded (0ms)
			ExecutionOrderSort2 (0ms)
			AwakeInstancesAfterBackupRestoration (0ms)
Platform modules already initialized, skipping
Registering precompiled user dll's ...
Registered in 0.012187 seconds.
Begin MonoManager ReloadAssembly
Symbol file LoadedFromMemory doesn't match image C:\Users\cozilas\Desktop\dogGame\doggyGame\projectUni\Library\PackageCache\com.unity.visualscripting@1.7.6\Editor\VisualScripting.Core\Dependencies\YamlDotNet\Unity.VisualScripting.YamlDotNet.dll
Symbol file LoadedFromMemory doesn't match image C:\Users\cozilas\Desktop\dogGame\doggyGame\projectUni\Library\PackageCache\com.unity.visualscripting@1.7.6\Editor\VisualScripting.Core\Dependencies\DotNetZip\Unity.VisualScripting.IonicZip.dll
Native extension for WindowsStandalone target not found
Refreshing native plugins compatible for Editor in 193.35 ms, found 3 plugins.
Preloading 0 native plugins for Editor in 0.00 ms.
Mono: successfully reloaded assembly
Package Manager log level set to [2]
- Completed reload, in  3.042 seconds
Domain Reload Profiling:
	ReloadAssembly (3043ms)
		BeginReloadAssembly (178ms)
			ExecutionOrderSort (0ms)
			DisableScriptedObjects (10ms)
			BackupInstance (0ms)
			ReleaseScriptingObjects (0ms)
			CreateAndSetChildDomain (32ms)
		EndReloadAssembly (2694ms)
			LoadAssemblies (136ms)
			RebuildTransferFunctionScriptingTraits (0ms)
			SetupTypeCache (422ms)
			ReleaseScriptCaches (1ms)
			RebuildScriptCaches (96ms)
			SetupLoadedEditorAssemblies (1953ms)
				LogAssemblyErrors (0ms)
				InitializePlatformSupportModulesInManaged (17ms)
				SetLoadedEditorAssemblies (1ms)
				RefreshPlugins (193ms)
				BeforeProcessingInitializeOnLoad (182ms)
				ProcessInitializeOnLoadAttributes (1399ms)
				ProcessInitializeOnLoadMethodAttributes (149ms)
				AfterProcessingInitializeOnLoad (12ms)
				EditorAssembliesLoaded (0ms)
			ExecutionOrderSort2 (0ms)
			AwakeInstancesAfterBackupRestoration (13ms)
Platform modules already initialized, skipping
========================================================================
Worker process is ready to serve import requests
Launched and connected shader compiler UnityShaderCompiler.exe after 0.12 seconds
Refreshing native plugins compatible for Editor in 6.44 ms, found 3 plugins.
Preloading 0 native plugins for Editor in 0.00 ms.
Unloading 5153 Unused Serialized files (Serialized files now loaded: 0)
Unloading 51 unused Assets / (0.7 MB). Loaded Objects now: 5588.
Memory consumption went from 206.9 MB to 206.1 MB.
Total: 5.329700 ms (FindLiveObjects: 0.524000 ms CreateObjectMapping: 0.469300 ms MarkObjects: 3.937000 ms  DeleteObjects: 0.398100 ms)

AssetImportParameters requested are different than current active one (requested -> active):
  custom:video-decoder-ogg-theora: a1e56fd34408186e4bbccfd4996cb3dc -> 
  custom:container-muxer-webm: aa71ff27fc2769a1b78a27578f13a17b -> 
  custom:container-demuxer-webm: 4f35f7cbe854078d1ac9338744f61a02 -> 
  custom:video-encoder-webm-vp8: eb34c28f22e8b96e1ab97ce403110664 -> 
  custom:audio-encoder-webm-vorbis: bf7c407c2cedff20999df2af8eb42d56 -> 
  custom:framework-win-MediaFoundation: 216162199b28c13a410421893ffa2e32 -> 
  custom:container-demuxer-ogg: 62fdf1f143b41e24485cea50d1cbac27 -> 
  custom:video-decoder-webm-vp8: 9c59270c3fd7afecdb556c50c9e8de78 -> 
  custom:audio-decoder-ogg-vorbis: bf7c407c2cedff20999df2af8eb42d56 -> 
========================================================================
Received Prepare
Registering precompiled user dll's ...
Registered in 0.011909 seconds.
Begin MonoManager ReloadAssembly
Symbol file LoadedFromMemory doesn't match image C:\Users\cozilas\Desktop\dogGame\doggyGame\projectUni\Library\PackageCache\com.unity.visualscripting@1.7.6\Editor\VisualScripting.Core\Dependencies\YamlDotNet\Unity.VisualScripting.YamlDotNet.dll
Symbol file LoadedFromMemory doesn't match image C:\Users\cozilas\Desktop\dogGame\doggyGame\projectUni\Library\PackageCache\com.unity.visualscripting@1.7.6\Editor\VisualScripting.Core\Dependencies\DotNetZip\Unity.VisualScripting.IonicZip.dll
Native extension for WindowsStandalone target not found
Refreshing native plugins compatible for Editor in 1.35 ms, found 3 plugins.
Preloading 0 native plugins for Editor in 0.00 ms.
Mono: successfully reloaded assembly
- Completed reload, in  2.066 seconds
Domain Reload Profiling:
	ReloadAssembly (2067ms)
		BeginReloadAssembly (254ms)
			ExecutionOrderSort (0ms)
			DisableScriptedObjects (10ms)
			BackupInstance (0ms)
			ReleaseScriptingObjects (0ms)
			CreateAndSetChildDomain (83ms)
		EndReloadAssembly (1655ms)
			LoadAssemblies (157ms)
			RebuildTransferFunctionScriptingTraits (0ms)
			SetupTypeCache (530ms)
			ReleaseScriptCaches (3ms)
			RebuildScriptCaches (80ms)
			SetupLoadedEditorAssemblies (805ms)
				LogAssemblyErrors (0ms)
				InitializePlatformSupportModulesInManaged (17ms)
				SetLoadedEditorAssemblies (1ms)
				RefreshPlugins (1ms)
				BeforeProcessingInitializeOnLoad (131ms)
				ProcessInitializeOnLoadAttributes (539ms)
				ProcessInitializeOnLoadMethodAttributes (105ms)
				AfterProcessingInitializeOnLoad (11ms)
				EditorAssembliesLoaded (0ms)
			ExecutionOrderSort2 (0ms)
			AwakeInstancesAfterBackupRestoration (16ms)
Platform modules already initialized, skipping
Refreshing native plugins compatible for Editor in 1.38 ms, found 3 plugins.
Preloading 0 native plugins for Editor in 0.00 ms.
Unloading 5015 Unused Serialized files (Serialized files now loaded: 0)
Unloading 46 unused Assets / (0.7 MB). Loaded Objects now: 5590.
Memory consumption went from 197.4 MB to 196.7 MB.
Total: 6.489600 ms (FindLiveObjects: 0.603700 ms CreateObjectMapping: 0.472900 ms MarkObjects: 4.944000 ms  DeleteObjects: 0.467400 ms)

AssetImportParameters requested are different than current active one (requested -> active):
  custom:video-decoder-ogg-theora: a1e56fd34408186e4bbccfd4996cb3dc -> 
  custom:container-muxer-webm: aa71ff27fc2769a1b78a27578f13a17b -> 
  custom:container-demuxer-webm: 4f35f7cbe854078d1ac9338744f61a02 -> 
  custom:video-encoder-webm-vp8: eb34c28f22e8b96e1ab97ce403110664 -> 
  custom:audio-encoder-webm-vorbis: bf7c407c2cedff20999df2af8eb42d56 -> 
  custom:framework-win-MediaFoundation: 216162199b28c13a410421893ffa2e32 -> 
  custom:container-demuxer-ogg: 62fdf1f143b41e24485cea50d1cbac27 -> 
  custom:video-decoder-webm-vp8: 9c59270c3fd7afecdb556c50c9e8de78 -> 
  custom:audio-decoder-ogg-vorbis: bf7c407c2cedff20999df2af8eb42d56 -> 
========================================================================
Received Import Request.
  Time since last request: 248341.935532 seconds.
  path: Assets/Prefabs/Tile5.prefab
  artifactKey: Guid(112691b553fceab41a31a88910a75887) Importer(815301076,1909f56bfc062723c751e8b465ee728b)
Start importing Assets/Prefabs/Tile5.prefab using Guid(112691b553fceab41a31a88910a75887) Importer(815301076,1909f56bfc062723c751e8b465ee728b)  -> (artifact id: 'c5cf066237353e753f59551bdaed2e84') in 0.753295 seconds 
========================================================================
Received Import Request.
  Time since last request: 0.000039 seconds.
  path: Assets/Prefabs/obsticleManager 1.prefab
  artifactKey: Guid(9c717266f322ff540a3031cd2bbb7f73) Importer(815301076,1909f56bfc062723c751e8b465ee728b)
Start importing Assets/Prefabs/obsticleManager 1.prefab using Guid(9c717266f322ff540a3031cd2bbb7f73) Importer(815301076,1909f56bfc062723c751e8b465ee728b)  -> (artifact id: '90b690cc28e2c4cc7abfe4ea63ea999a') in 0.208522 seconds 
========================================================================
Received Import Request.
  Time since last request: 0.000048 seconds.
  path: Assets/Prefabs/Tile6.prefab
  artifactKey: Guid(11ea72422bfcef9408322a27e050f26e) Importer(815301076,1909f56bfc062723c751e8b465ee728b)
Start importing Assets/Prefabs/Tile6.prefab using Guid(11ea72422bfcef9408322a27e050f26e) Importer(815301076,1909f56bfc062723c751e8b465ee728b)  -> (artifact id: 'fa7e4f8623bdfe755c32e893970e48e0') in 0.299878 seconds 
========================================================================
Received Import Request.
  Time since last request: 0.000051 seconds.
  path: Assets/Prefabs/Tile8.prefab
  artifactKey: Guid(deb0e5833e723a749b7b57b4da8ac68a) Importer(815301076,1909f56bfc062723c751e8b465ee728b)
Start importing Assets/Prefabs/Tile8.prefab using Guid(deb0e5833e723a749b7b57b4da8ac68a) Importer(815301076,1909f56bfc062723c751e8b465ee728b)  -> (artifact id: 'fe87a2e5d4691532a7b3f10c303264ba') in 0.292141 seconds 
========================================================================
Received Import Request.
  Time since last request: 0.000110 seconds.
  path: Assets/Prefabs/Tile2.prefab
  artifactKey: Guid(5e1c16cdcaff87c4a9c637ad20c02ed6) Importer(815301076,1909f56bfc062723c751e8b465ee728b)
Start importing Assets/Prefabs/Tile2.prefab using Guid(5e1c16cdcaff87c4a9c637ad20c02ed6) Importer(815301076,1909f56bfc062723c751e8b465ee728b)  -> (artifact id: '8617a1c9efc9c0b6db0b9a2d189927c2') in 0.227805 seconds 
========================================================================
Received Import Request.
  Time since last request: 13.836179 seconds.
  path: Assets/Prefabs/obsticleManager.prefab
  artifactKey: Guid(eaa32a6f28ead654b8466e5ffa014f4a) Importer(815301076,1909f56bfc062723c751e8b465ee728b)
Start importing Assets/Prefabs/obsticleManager.prefab using Guid(eaa32a6f28ead654b8466e5ffa014f4a) Importer(815301076,1909f56bfc062723c751e8b465ee728b)  -> (artifact id: '9338821a1913cd50b56d0699c681ea85') in 0.218867 seconds 
========================================================================
Received Import Request.
  Time since last request: 0.000046 seconds.
  path: Assets/Prefabs/Tile9.prefab
  artifactKey: Guid(94fae200483fb224e9f36a5858ff8331) Importer(815301076,1909f56bfc062723c751e8b465ee728b)
Start importing Assets/Prefabs/Tile9.prefab using Guid(94fae200483fb224e9f36a5858ff8331) Importer(815301076,1909f56bfc062723c751e8b465ee728b)  -> (artifact id: 'b8d82a41dac46c5f73b8fa3fb27c840d') in 0.310967 seconds 
========================================================================
Received Import Request.
  Time since last request: 0.000054 seconds.
  path: Assets/Prefabs/Tile8.prefab
  artifactKey: Guid(deb0e5833e723a749b7b57b4da8ac68a) Importer(815301076,1909f56bfc062723c751e8b465ee728b)
Start importing Assets/Prefabs/Tile8.prefab using Guid(deb0e5833e723a749b7b57b4da8ac68a) Importer(815301076,1909f56bfc062723c751e8b465ee728b)  -> (artifact id: '3d08cf884df1df26bf863f14cc157a05') in 0.268170 seconds 
========================================================================
Received Import Request.
  Time since last request: 0.000037 seconds.
  path: Assets/Prefabs/Tile2.prefab
  artifactKey: Guid(5e1c16cdcaff87c4a9c637ad20c02ed6) Importer(815301076,1909f56bfc062723c751e8b465ee728b)
Start importing Assets/Prefabs/Tile2.prefab using Guid(5e1c16cdcaff87c4a9c637ad20c02ed6) Importer(815301076,1909f56bfc062723c751e8b465ee728b)  -> (artifact id: '98f3bf08b747266befdd0ec9956ccb68') in 0.285633 seconds 
========================================================================
Received Import Request.
  Time since last request: 3.768102 seconds.
  path: Assets/Prefabs/obsticleManager.prefab
  artifactKey: Guid(eaa32a6f28ead654b8466e5ffa014f4a) Importer(815301076,1909f56bfc062723c751e8b465ee728b)
Start importing Assets/Prefabs/obsticleManager.prefab using Guid(eaa32a6f28ead654b8466e5ffa014f4a) Importer(815301076,1909f56bfc062723c751e8b465ee728b)  -> (artifact id: '93bc31dad9e8025443a8ac3e702d916b') in 0.184915 seconds 
========================================================================
Received Import Request.
  Time since last request: 0.000036 seconds.
  path: Assets/Prefabs/Tile7.prefab
  artifactKey: Guid(babea303bbf06a94c9a48cb1275f260e) Importer(815301076,1909f56bfc062723c751e8b465ee728b)
Start importing Assets/Prefabs/Tile7.prefab using Guid(babea303bbf06a94c9a48cb1275f260e) Importer(815301076,1909f56bfc062723c751e8b465ee728b)  -> (artifact id: '6d2776cee1c8e176059686e24f494cb9') in 0.255308 seconds 
========================================================================
Received Import Request.
  Time since last request: 0.000048 seconds.
  path: Assets/Prefabs/Tile3.prefab
  artifactKey: Guid(6710cdcc5e0625647a37c2ee5fa8c57a) Importer(815301076,1909f56bfc062723c751e8b465ee728b)
Start importing Assets/Prefabs/Tile3.prefab using Guid(6710cdcc5e0625647a37c2ee5fa8c57a) Importer(815301076,1909f56bfc062723c751e8b465ee728b)  -> (artifact id: '15fe841bda2ee14cf0695dc47fae2d04') in 0.274017 seconds 
========================================================================
Received Import Request.
  Time since last request: 0.000046 seconds.
  path: Assets/Prefabs/Tile10.prefab
  artifactKey: Guid(a88c02acb7576c8459b5eb13050f0564) Importer(815301076,1909f56bfc062723c751e8b465ee728b)
Start importing Assets/Prefabs/Tile10.prefab using Guid(a88c02acb7576c8459b5eb13050f0564) Importer(815301076,1909f56bfc062723c751e8b465ee728b)  -> (artifact id: '9f682512f44ab76c4c3fc590f58c021f') in 0.336064 seconds 
========================================================================
Received Import Request.
  Time since last request: 3.020037 seconds.
  path: Assets/Prefabs/obsticleManager.prefab
  artifactKey: Guid(eaa32a6f28ead654b8466e5ffa014f4a) Importer(815301076,1909f56bfc062723c751e8b465ee728b)
Start importing Assets/Prefabs/obsticleManager.prefab using Guid(eaa32a6f28ead654b8466e5ffa014f4a) Importer(815301076,1909f56bfc062723c751e8b465ee728b)  -> (artifact id: '797f97a2878b2f11e6a524f064c7ea91') in 0.167243 seconds 
========================================================================
Received Import Request.
  Time since last request: 0.000041 seconds.
  path: Assets/Prefabs/Tile9.prefab
  artifactKey: Guid(94fae200483fb224e9f36a5858ff8331) Importer(815301076,1909f56bfc062723c751e8b465ee728b)
Start importing Assets/Prefabs/Tile9.prefab using Guid(94fae200483fb224e9f36a5858ff8331) Importer(815301076,1909f56bfc062723c751e8b465ee728b)  -> (artifact id: '8f368443e2e4dbbb69bd09536a11ed85') in 0.329130 seconds 
========================================================================
Received Import Request.
  Time since last request: 0.000051 seconds.
  path: Assets/Prefabs/Tile8.prefab
  artifactKey: Guid(deb0e5833e723a749b7b57b4da8ac68a) Importer(815301076,1909f56bfc062723c751e8b465ee728b)
Start importing Assets/Prefabs/Tile8.prefab using Guid(deb0e5833e723a749b7b57b4da8ac68a) Importer(815301076,1909f56bfc062723c751e8b465ee728b)  -> (artifact id: 'd68d3ce82df3a489e7e13d9e94365ada') in 0.269012 seconds 
========================================================================
Received Import Request.
  Time since last request: 0.000049 seconds.
  path: Assets/Prefabs/Tile2.prefab
  artifactKey: Guid(5e1c16cdcaff87c4a9c637ad20c02ed6) Importer(815301076,1909f56bfc062723c751e8b465ee728b)
Start importing Assets/Prefabs/Tile2.prefab using Guid(5e1c16cdcaff87c4a9c637ad20c02ed6) Importer(815301076,1909f56bfc062723c751e8b465ee728b)  -> (artifact id: '61fcc2d3549b1d329ed7f5e248940a64') in 0.236905 seconds 
========================================================================
Received Prepare
Registering precompiled user dll's ...
Registered in 0.013519 seconds.
Begin MonoManager ReloadAssembly
Symbol file LoadedFromMemory doesn't match image C:\Users\cozilas\Desktop\dogGame\doggyGame\projectUni\Library\PackageCache\com.unity.visualscripting@1.7.6\Editor\VisualScripting.Core\Dependencies\YamlDotNet\Unity.VisualScripting.YamlDotNet.dll
Symbol file LoadedFromMemory doesn't match image C:\Users\cozilas\Desktop\dogGame\doggyGame\projectUni\Library\PackageCache\com.unity.visualscripting@1.7.6\Editor\VisualScripting.Core\Dependencies\DotNetZip\Unity.VisualScripting.IonicZip.dll
Native extension for WindowsStandalone target not found
Refreshing native plugins compatible for Editor in 2.10 ms, found 3 plugins.
Preloading 0 native plugins for Editor in 0.00 ms.
Mono: successfully reloaded assembly
- Completed reload, in  2.485 seconds
Domain Reload Profiling:
	ReloadAssembly (2486ms)
		BeginReloadAssembly (237ms)
			ExecutionOrderSort (0ms)
			DisableScriptedObjects (11ms)
			BackupInstance (0ms)
			ReleaseScriptingObjects (0ms)
			CreateAndSetChildDomain (72ms)
		EndReloadAssembly (2081ms)
			LoadAssemblies (153ms)
			RebuildTransferFunctionScriptingTraits (0ms)
			SetupTypeCache (489ms)
			ReleaseScriptCaches (3ms)
			RebuildScriptCaches (110ms)
			SetupLoadedEditorAssemblies (1138ms)
				LogAssemblyErrors (0ms)
				InitializePlatformSupportModulesInManaged (25ms)
				SetLoadedEditorAssemblies (1ms)
				RefreshPlugins (2ms)
				BeforeProcessingInitializeOnLoad (184ms)
				ProcessInitializeOnLoadAttributes (764ms)
				ProcessInitializeOnLoadMethodAttributes (145ms)
				AfterProcessingInitializeOnLoad (16ms)
				EditorAssembliesLoaded (0ms)
			ExecutionOrderSort2 (0ms)
			AwakeInstancesAfterBackupRestoration (29ms)
Platform modules already initialized, skipping
Refreshing native plugins compatible for Editor in 3.06 ms, found 3 plugins.
Preloading 0 native plugins for Editor in 0.00 ms.
Unloading 5022 Unused Serialized files (Serialized files now loaded: 0)
Unloading 43 unused Assets / (309.8 KB). Loaded Objects now: 5656.
Memory consumption went from 213.2 MB to 212.9 MB.
Total: 11.149300 ms (FindLiveObjects: 1.070200 ms CreateObjectMapping: 1.202300 ms MarkObjects: 8.658000 ms  DeleteObjects: 0.216800 ms)

AssetImportParameters requested are different than current active one (requested -> active):
  custom:video-decoder-ogg-theora: a1e56fd34408186e4bbccfd4996cb3dc -> 
  custom:container-muxer-webm: aa71ff27fc2769a1b78a27578f13a17b -> 
  custom:container-demuxer-webm: 4f35f7cbe854078d1ac9338744f61a02 -> 
  custom:video-encoder-webm-vp8: eb34c28f22e8b96e1ab97ce403110664 -> 
  custom:audio-encoder-webm-vorbis: bf7c407c2cedff20999df2af8eb42d56 -> 
  custom:framework-win-MediaFoundation: 216162199b28c13a410421893ffa2e32 -> 
  custom:container-demuxer-ogg: 62fdf1f143b41e24485cea50d1cbac27 -> 
  custom:video-decoder-webm-vp8: 9c59270c3fd7afecdb556c50c9e8de78 -> 
  custom:audio-decoder-ogg-vorbis: bf7c407c2cedff20999df2af8eb42d56 -> 
========================================================================
Received Import Request.
  Time since last request: 187.207637 seconds.
  path: Assets/Prefabs/obsticleManager 1.prefab
  artifactKey: Guid(9c717266f322ff540a3031cd2bbb7f73) Importer(815301076,1909f56bfc062723c751e8b465ee728b)
Start importing Assets/Prefabs/obsticleManager 1.prefab using Guid(9c717266f322ff540a3031cd2bbb7f73) Importer(815301076,1909f56bfc062723c751e8b465ee728b)  -> (artifact id: '774f301da71ecc22fa309e7adce2463c') in 0.518520 seconds 
========================================================================
Received Import Request.
  Time since last request: 0.000036 seconds.
  path: Assets/Prefabs/Tile9.prefab
  artifactKey: Guid(94fae200483fb224e9f36a5858ff8331) Importer(815301076,1909f56bfc062723c751e8b465ee728b)
Start importing Assets/Prefabs/Tile9.prefab using Guid(94fae200483fb224e9f36a5858ff8331) Importer(815301076,1909f56bfc062723c751e8b465ee728b)  -> (artifact id: 'a1855b13c8703613d9d4f5f5ebd4e960') in 0.317736 seconds 
========================================================================
Received Import Request.
  Time since last request: 0.000055 seconds.
  path: Assets/Prefabs/Tile6.prefab
  artifactKey: Guid(11ea72422bfcef9408322a27e050f26e) Importer(815301076,1909f56bfc062723c751e8b465ee728b)
Start importing Assets/Prefabs/Tile6.prefab using Guid(11ea72422bfcef9408322a27e050f26e) Importer(815301076,1909f56bfc062723c751e8b465ee728b)  -> (artifact id: '57962947ac551445a654dc8ca4e5204f') in 0.282975 seconds 
========================================================================
Received Import Request.
  Time since last request: 0.000064 seconds.
  path: Assets/Prefabs/Tile3.prefab
  artifactKey: Guid(6710cdcc5e0625647a37c2ee5fa8c57a) Importer(815301076,1909f56bfc062723c751e8b465ee728b)
Start importing Assets/Prefabs/Tile3.prefab using Guid(6710cdcc5e0625647a37c2ee5fa8c57a) Importer(815301076,1909f56bfc062723c751e8b465ee728b)  -> (artifact id: '1ed3b4f25d30532056b6b7139ced254d') in 0.268735 seconds 
========================================================================
Received Import Request.
  Time since last request: 0.000038 seconds.
  path: Assets/Prefabs/Tile4.prefab
  artifactKey: Guid(f3b3f8dd9c266354ebf3718767b9d13f) Importer(815301076,1909f56bfc062723c751e8b465ee728b)
Start importing Assets/Prefabs/Tile4.prefab using Guid(f3b3f8dd9c266354ebf3718767b9d13f) Importer(815301076,1909f56bfc062723c751e8b465ee728b)  -> (artifact id: 'fabe703b03069d0c904d8ea45d18c924') in 0.287977 seconds 
========================================================================
Received Import Request.
  Time since last request: 0.000043 seconds.
  path: Assets/Prefabs/Tile2.prefab
  artifactKey: Guid(5e1c16cdcaff87c4a9c637ad20c02ed6) Importer(815301076,1909f56bfc062723c751e8b465ee728b)
Start importing Assets/Prefabs/Tile2.prefab using Guid(5e1c16cdcaff87c4a9c637ad20c02ed6) Importer(815301076,1909f56bfc062723c751e8b465ee728b)  -> (artifact id: '18901e26d6a3611f0f9be6874b332a62') in 0.234835 seconds 
========================================================================
Received Import Request.
  Time since last request: 22.093257 seconds.
  path: Assets/Prefabs/obsticleManager.prefab
  artifactKey: Guid(eaa32a6f28ead654b8466e5ffa014f4a) Importer(815301076,1909f56bfc062723c751e8b465ee728b)
Start importing Assets/Prefabs/obsticleManager.prefab using Guid(eaa32a6f28ead654b8466e5ffa014f4a) Importer(815301076,1909f56bfc062723c751e8b465ee728b)  -> (artifact id: '0270e47dd1f71e521423feb8a99d981a') in 0.153568 seconds 
========================================================================
Received Import Request.
  Time since last request: 0.000053 seconds.
  path: Assets/Prefabs/Tile9.prefab
  artifactKey: Guid(94fae200483fb224e9f36a5858ff8331) Importer(815301076,1909f56bfc062723c751e8b465ee728b)
Start importing Assets/Prefabs/Tile9.prefab using Guid(94fae200483fb224e9f36a5858ff8331) Importer(815301076,1909f56bfc062723c751e8b465ee728b)  -> (artifact id: '9cea7f34effcbb82df724eb60bf44f24') in 0.331875 seconds 
========================================================================
Received Import Request.
  Time since last request: 0.000055 seconds.
  path: Assets/Prefabs/Tile3.prefab
  artifactKey: Guid(6710cdcc5e0625647a37c2ee5fa8c57a) Importer(815301076,1909f56bfc062723c751e8b465ee728b)
Start importing Assets/Prefabs/Tile3.prefab using Guid(6710cdcc5e0625647a37c2ee5fa8c57a) Importer(815301076,1909f56bfc062723c751e8b465ee728b)  -> (artifact id: '3510ec7cc16092d2641e537dbcc01dca') in 0.261395 seconds 
========================================================================
Received Import Request.
  Time since last request: 0.000040 seconds.
  path: Assets/Prefabs/Tile4.prefab
  artifactKey: Guid(f3b3f8dd9c266354ebf3718767b9d13f) Importer(815301076,1909f56bfc062723c751e8b465ee728b)
Start importing Assets/Prefabs/Tile4.prefab using Guid(f3b3f8dd9c266354ebf3718767b9d13f) Importer(815301076,1909f56bfc062723c751e8b465ee728b)  -> (artifact id: 'de6f18d46ccb163a1d825fe3b296339f') in 0.258364 seconds 
========================================================================
Received Import Request.
  Time since last request: 10.569566 seconds.
  path: Assets/Prefabs/obsticleManager.prefab
  artifactKey: Guid(eaa32a6f28ead654b8466e5ffa014f4a) Importer(815301076,1909f56bfc062723c751e8b465ee728b)
Start importing Assets/Prefabs/obsticleManager.prefab using Guid(eaa32a6f28ead654b8466e5ffa014f4a) Importer(815301076,1909f56bfc062723c751e8b465ee728b)  -> (artifact id: '17a3f5acbdad562d3ccf9608085d4266') in 0.174070 seconds 
========================================================================
Received Import Request.
  Time since last request: 0.000034 seconds.
  path: Assets/Prefabs/Tile7.prefab
  artifactKey: Guid(babea303bbf06a94c9a48cb1275f260e) Importer(815301076,1909f56bfc062723c751e8b465ee728b)
Start importing Assets/Prefabs/Tile7.prefab using Guid(babea303bbf06a94c9a48cb1275f260e) Importer(815301076,1909f56bfc062723c751e8b465ee728b)  -> (artifact id: 'a7351aaa23d50b0625809ff2c34c3a1c') in 0.234082 seconds 
========================================================================
Received Import Request.
  Time since last request: 0.000038 seconds.
  path: Assets/Prefabs/Tile3.prefab
  artifactKey: Guid(6710cdcc5e0625647a37c2ee5fa8c57a) Importer(815301076,1909f56bfc062723c751e8b465ee728b)
Start importing Assets/Prefabs/Tile3.prefab using Guid(6710cdcc5e0625647a37c2ee5fa8c57a) Importer(815301076,1909f56bfc062723c751e8b465ee728b)  -> (artifact id: '4acedf644aec9c826f307e4fe7e668e4') in 0.258456 seconds 
========================================================================
Received Import Request.
  Time since last request: 11.368470 seconds.
  path: Assets/Prefabs/obsticleManager.prefab
  artifactKey: Guid(eaa32a6f28ead654b8466e5ffa014f4a) Importer(815301076,1909f56bfc062723c751e8b465ee728b)
Start importing Assets/Prefabs/obsticleManager.prefab using Guid(eaa32a6f28ead654b8466e5ffa014f4a) Importer(815301076,1909f56bfc062723c751e8b465ee728b)  -> (artifact id: '382fefdd41513effc88acacba33260c1') in 0.185378 seconds 
========================================================================
Received Import Request.
  Time since last request: 0.000046 seconds.
  path: Assets/Prefabs/Tile9.prefab
  artifactKey: Guid(94fae200483fb224e9f36a5858ff8331) Importer(815301076,1909f56bfc062723c751e8b465ee728b)
Start importing Assets/Prefabs/Tile9.prefab using Guid(94fae200483fb224e9f36a5858ff8331) Importer(815301076,1909f56bfc062723c751e8b465ee728b)  -> (artifact id: '7a94c1a5aff45c8d91f6b9ec405b671d') in 0.292073 seconds 
========================================================================
Received Import Request.
  Time since last request: 0.000055 seconds.
  path: Assets/Prefabs/Tile8.prefab
  artifactKey: Guid(deb0e5833e723a749b7b57b4da8ac68a) Importer(815301076,1909f56bfc062723c751e8b465ee728b)
Start importing Assets/Prefabs/Tile8.prefab using Guid(deb0e5833e723a749b7b57b4da8ac68a) Importer(815301076,1909f56bfc062723c751e8b465ee728b)  -> (artifact id: '76c490268c11bbb08d2697d3d0c643d8') in 0.255662 seconds 
========================================================================
Received Import Request.
  Time since last request: 0.000049 seconds.
  path: Assets/Prefabs/Tile2.prefab
  artifactKey: Guid(5e1c16cdcaff87c4a9c637ad20c02ed6) Importer(815301076,1909f56bfc062723c751e8b465ee728b)
Start importing Assets/Prefabs/Tile2.prefab using Guid(5e1c16cdcaff87c4a9c637ad20c02ed6) Importer(815301076,1909f56bfc062723c751e8b465ee728b)  -> (artifact id: '1039b17d0bc1a4758056576201eba4f4') in 0.260491 seconds 
========================================================================
Received Prepare
Registering precompiled user dll's ...
Registered in 0.013750 seconds.
Begin MonoManager ReloadAssembly
Symbol file LoadedFromMemory doesn't match image C:\Users\cozilas\Desktop\dogGame\doggyGame\projectUni\Library\PackageCache\com.unity.visualscripting@1.7.6\Editor\VisualScripting.Core\Dependencies\YamlDotNet\Unity.VisualScripting.YamlDotNet.dll
Symbol file LoadedFromMemory doesn't match image C:\Users\cozilas\Desktop\dogGame\doggyGame\projectUni\Library\PackageCache\com.unity.visualscripting@1.7.6\Editor\VisualScripting.Core\Dependencies\DotNetZip\Unity.VisualScripting.IonicZip.dll
Native extension for WindowsStandalone target not found
Refreshing native plugins compatible for Editor in 2.56 ms, found 3 plugins.
Preloading 0 native plugins for Editor in 0.00 ms.
Mono: successfully reloaded assembly
- Completed reload, in  2.385 seconds
Domain Reload Profiling:
	ReloadAssembly (2386ms)
		BeginReloadAssembly (251ms)
			ExecutionOrderSort (0ms)
			DisableScriptedObjects (12ms)
			BackupInstance (0ms)
			ReleaseScriptingObjects (0ms)
			CreateAndSetChildDomain (69ms)
		EndReloadAssembly (1966ms)
			LoadAssemblies (171ms)
			RebuildTransferFunctionScriptingTraits (0ms)
			SetupTypeCache (462ms)
			ReleaseScriptCaches (3ms)
			RebuildScriptCaches (99ms)
			SetupLoadedEditorAssemblies (1108ms)
				LogAssemblyErrors (0ms)
				InitializePlatformSupportModulesInManaged (25ms)
				SetLoadedEditorAssemblies (1ms)
				RefreshPlugins (3ms)
				BeforeProcessingInitializeOnLoad (182ms)
				ProcessInitializeOnLoadAttributes (748ms)
				ProcessInitializeOnLoadMethodAttributes (135ms)
				AfterProcessingInitializeOnLoad (15ms)
				EditorAssembliesLoaded (0ms)
			ExecutionOrderSort2 (0ms)
			AwakeInstancesAfterBackupRestoration (24ms)
Platform modules already initialized, skipping
Refreshing native plugins compatible for Editor in 2.40 ms, found 3 plugins.
Preloading 0 native plugins for Editor in 0.00 ms.
Unloading 5012 Unused Serialized files (Serialized files now loaded: 0)
Unloading 43 unused Assets / (310.8 KB). Loaded Objects now: 5698.
Memory consumption went from 214.1 MB to 213.8 MB.
Total: 6.873700 ms (FindLiveObjects: 0.738500 ms CreateObjectMapping: 0.639000 ms MarkObjects: 5.365800 ms  DeleteObjects: 0.128200 ms)

AssetImportParameters requested are different than current active one (requested -> active):
  custom:video-decoder-ogg-theora: a1e56fd34408186e4bbccfd4996cb3dc -> 
  custom:container-muxer-webm: aa71ff27fc2769a1b78a27578f13a17b -> 
  custom:container-demuxer-webm: 4f35f7cbe854078d1ac9338744f61a02 -> 
  custom:video-encoder-webm-vp8: eb34c28f22e8b96e1ab97ce403110664 -> 
  custom:audio-encoder-webm-vorbis: bf7c407c2cedff20999df2af8eb42d56 -> 
  custom:framework-win-MediaFoundation: 216162199b28c13a410421893ffa2e32 -> 
  custom:container-demuxer-ogg: 62fdf1f143b41e24485cea50d1cbac27 -> 
  custom:video-decoder-webm-vp8: 9c59270c3fd7afecdb556c50c9e8de78 -> 
  custom:audio-decoder-ogg-vorbis: bf7c407c2cedff20999df2af8eb42d56 -> 
========================================================================
Received Import Request.
  Time since last request: 131.393807 seconds.
  path: Assets/Prefabs/obsticleManager 1.prefab
  artifactKey: Guid(9c717266f322ff540a3031cd2bbb7f73) Importer(815301076,1909f56bfc062723c751e8b465ee728b)
Start importing Assets/Prefabs/obsticleManager 1.prefab using Guid(9c717266f322ff540a3031cd2bbb7f73) Importer(815301076,1909f56bfc062723c751e8b465ee728b)  -> (artifact id: '65880f52d10ee629719692fc7f239cd6') in 0.569141 seconds 
========================================================================
Received Import Request.
  Time since last request: 0.000047 seconds.
  path: Assets/Prefabs/Tile9.prefab
  artifactKey: Guid(94fae200483fb224e9f36a5858ff8331) Importer(815301076,1909f56bfc062723c751e8b465ee728b)
Start importing Assets/Prefabs/Tile9.prefab using Guid(94fae200483fb224e9f36a5858ff8331) Importer(815301076,1909f56bfc062723c751e8b465ee728b)  -> (artifact id: '2f44064175d1016fd5e6dc3f6c98252d') in 0.492777 seconds 
========================================================================
Received Import Request.
  Time since last request: 0.000046 seconds.
  path: Assets/Prefabs/Tile6.prefab
  artifactKey: Guid(11ea72422bfcef9408322a27e050f26e) Importer(815301076,1909f56bfc062723c751e8b465ee728b)
Start importing Assets/Prefabs/Tile6.prefab using Guid(11ea72422bfcef9408322a27e050f26e) Importer(815301076,1909f56bfc062723c751e8b465ee728b)  -> (artifact id: 'eb517f0893db788884cde24b6770e1e0') in 0.298489 seconds 
========================================================================
Received Import Request.
  Time since last request: 0.000047 seconds.
  path: Assets/Prefabs/Tile3.prefab
  artifactKey: Guid(6710cdcc5e0625647a37c2ee5fa8c57a) Importer(815301076,1909f56bfc062723c751e8b465ee728b)
Start importing Assets/Prefabs/Tile3.prefab using Guid(6710cdcc5e0625647a37c2ee5fa8c57a) Importer(815301076,1909f56bfc062723c751e8b465ee728b)  -> (artifact id: 'b8f4ac4433090ac28f51cf2f926578ae') in 0.494606 seconds 
========================================================================
Received Import Request.
  Time since last request: 0.000049 seconds.
  path: Assets/Prefabs/Tile4.prefab
  artifactKey: Guid(f3b3f8dd9c266354ebf3718767b9d13f) Importer(815301076,1909f56bfc062723c751e8b465ee728b)
Start importing Assets/Prefabs/Tile4.prefab using Guid(f3b3f8dd9c266354ebf3718767b9d13f) Importer(815301076,1909f56bfc062723c751e8b465ee728b)  -> (artifact id: '1f107785046d23b80bc88321f8b42712') in 0.275332 seconds 
========================================================================
Received Import Request.
  Time since last request: 0.000035 seconds.
  path: Assets/Prefabs/Tile2.prefab
  artifactKey: Guid(5e1c16cdcaff87c4a9c637ad20c02ed6) Importer(815301076,1909f56bfc062723c751e8b465ee728b)
Start importing Assets/Prefabs/Tile2.prefab using Guid(5e1c16cdcaff87c4a9c637ad20c02ed6) Importer(815301076,1909f56bfc062723c751e8b465ee728b)  -> (artifact id: '9ac6429f604fd7b53f49a309b1d81539') in 0.251166 seconds 
========================================================================
Received Prepare
Registering precompiled user dll's ...
Registered in 0.014453 seconds.
Begin MonoManager ReloadAssembly
Symbol file LoadedFromMemory doesn't match image C:\Users\cozilas\Desktop\dogGame\doggyGame\projectUni\Library\PackageCache\com.unity.visualscripting@1.7.6\Editor\VisualScripting.Core\Dependencies\YamlDotNet\Unity.VisualScripting.YamlDotNet.dll
Symbol file LoadedFromMemory doesn't match image C:\Users\cozilas\Desktop\dogGame\doggyGame\projectUni\Library\PackageCache\com.unity.visualscripting@1.7.6\Editor\VisualScripting.Core\Dependencies\DotNetZip\Unity.VisualScripting.IonicZip.dll
Native extension for WindowsStandalone target not found
Refreshing native plugins compatible for Editor in 1.42 ms, found 3 plugins.
Preloading 0 native plugins for Editor in 0.00 ms.
Mono: successfully reloaded assembly
- Completed reload, in  2.201 seconds
Domain Reload Profiling:
	ReloadAssembly (2202ms)
		BeginReloadAssembly (267ms)
			ExecutionOrderSort (0ms)
			DisableScriptedObjects (12ms)
			BackupInstance (0ms)
			ReleaseScriptingObjects (0ms)
			CreateAndSetChildDomain (71ms)
		EndReloadAssembly (1750ms)
			LoadAssemblies (232ms)
			RebuildTransferFunctionScriptingTraits (0ms)
			SetupTypeCache (412ms)
			ReleaseScriptCaches (2ms)
			RebuildScriptCaches (74ms)
			SetupLoadedEditorAssemblies (965ms)
				LogAssemblyErrors (0ms)
				InitializePlatformSupportModulesInManaged (18ms)
				SetLoadedEditorAssemblies (1ms)
				RefreshPlugins (2ms)
				BeforeProcessingInitializeOnLoad (161ms)
				ProcessInitializeOnLoadAttributes (669ms)
				ProcessInitializeOnLoadMethodAttributes (102ms)
				AfterProcessingInitializeOnLoad (12ms)
				EditorAssembliesLoaded (0ms)
			ExecutionOrderSort2 (0ms)
			AwakeInstancesAfterBackupRestoration (22ms)
Platform modules already initialized, skipping
Refreshing native plugins compatible for Editor in 1.46 ms, found 3 plugins.
Preloading 0 native plugins for Editor in 0.00 ms.
Unloading 5012 Unused Serialized files (Serialized files now loaded: 0)
Unloading 43 unused Assets / (309.8 KB). Loaded Objects now: 5740.
Memory consumption went from 214.1 MB to 213.8 MB.
Total: 4.884300 ms (FindLiveObjects: 0.544200 ms CreateObjectMapping: 0.480300 ms MarkObjects: 3.769200 ms  DeleteObjects: 0.089200 ms)

AssetImportParameters requested are different than current active one (requested -> active):
  custom:video-decoder-ogg-theora: a1e56fd34408186e4bbccfd4996cb3dc -> 
  custom:container-muxer-webm: aa71ff27fc2769a1b78a27578f13a17b -> 
  custom:container-demuxer-webm: 4f35f7cbe854078d1ac9338744f61a02 -> 
  custom:video-encoder-webm-vp8: eb34c28f22e8b96e1ab97ce403110664 -> 
  custom:audio-encoder-webm-vorbis: bf7c407c2cedff20999df2af8eb42d56 -> 
  custom:framework-win-MediaFoundation: 216162199b28c13a410421893ffa2e32 -> 
  custom:container-demuxer-ogg: 62fdf1f143b41e24485cea50d1cbac27 -> 
  custom:video-decoder-webm-vp8: 9c59270c3fd7afecdb556c50c9e8de78 -> 
  custom:audio-decoder-ogg-vorbis: bf7c407c2cedff20999df2af8eb42d56 -> 
========================================================================
Received Prepare
Registering precompiled user dll's ...
Registered in 0.012057 seconds.
Begin MonoManager ReloadAssembly
Symbol file LoadedFromMemory doesn't match image C:\Users\cozilas\Desktop\dogGame\doggyGame\projectUni\Library\PackageCache\com.unity.visualscripting@1.7.6\Editor\VisualScripting.Core\Dependencies\YamlDotNet\Unity.VisualScripting.YamlDotNet.dll
Symbol file LoadedFromMemory doesn't match image C:\Users\cozilas\Desktop\dogGame\doggyGame\projectUni\Library\PackageCache\com.unity.visualscripting@1.7.6\Editor\VisualScripting.Core\Dependencies\DotNetZip\Unity.VisualScripting.IonicZip.dll
Native extension for WindowsStandalone target not found
Refreshing native plugins compatible for Editor in 1.39 ms, found 3 plugins.
Preloading 0 native plugins for Editor in 0.00 ms.
Mono: successfully reloaded assembly
- Completed reload, in  2.337 seconds
Domain Reload Profiling:
	ReloadAssembly (2338ms)
		BeginReloadAssembly (216ms)
			ExecutionOrderSort (0ms)
			DisableScriptedObjects (9ms)
			BackupInstance (0ms)
			ReleaseScriptingObjects (0ms)
			CreateAndSetChildDomain (59ms)
		EndReloadAssembly (1938ms)
			LoadAssemblies (152ms)
			RebuildTransferFunctionScriptingTraits (0ms)
			SetupTypeCache (521ms)
			ReleaseScriptCaches (3ms)
			RebuildScriptCaches (91ms)
			SetupLoadedEditorAssemblies (1047ms)
				LogAssemblyErrors (0ms)
				InitializePlatformSupportModulesInManaged (24ms)
				SetLoadedEditorAssemblies (1ms)
				RefreshPlugins (1ms)
				BeforeProcessingInitializeOnLoad (140ms)
				ProcessInitializeOnLoadAttributes (722ms)
				ProcessInitializeOnLoadMethodAttributes (141ms)
				AfterProcessingInitializeOnLoad (18ms)
				EditorAssembliesLoaded (0ms)
			ExecutionOrderSort2 (0ms)
			AwakeInstancesAfterBackupRestoration (33ms)
Platform modules already initialized, skipping
Refreshing native plugins compatible for Editor in 2.20 ms, found 3 plugins.
Preloading 0 native plugins for Editor in 0.00 ms.
Unloading 5012 Unused Serialized files (Serialized files now loaded: 0)
Unloading 43 unused Assets / (309.8 KB). Loaded Objects now: 5742.
Memory consumption went from 213.9 MB to 213.6 MB.
Total: 7.353500 ms (FindLiveObjects: 0.898100 ms CreateObjectMapping: 0.801300 ms MarkObjects: 5.506900 ms  DeleteObjects: 0.145600 ms)

AssetImportParameters requested are different than current active one (requested -> active):
  custom:video-decoder-ogg-theora: a1e56fd34408186e4bbccfd4996cb3dc -> 
  custom:container-muxer-webm: aa71ff27fc2769a1b78a27578f13a17b -> 
  custom:container-demuxer-webm: 4f35f7cbe854078d1ac9338744f61a02 -> 
  custom:video-encoder-webm-vp8: eb34c28f22e8b96e1ab97ce403110664 -> 
  custom:audio-encoder-webm-vorbis: bf7c407c2cedff20999df2af8eb42d56 -> 
  custom:framework-win-MediaFoundation: 216162199b28c13a410421893ffa2e32 -> 
  custom:container-demuxer-ogg: 62fdf1f143b41e24485cea50d1cbac27 -> 
  custom:video-decoder-webm-vp8: 9c59270c3fd7afecdb556c50c9e8de78 -> 
  custom:audio-decoder-ogg-vorbis: bf7c407c2cedff20999df2af8eb42d56 -> 
========================================================================
Received Prepare
Registering precompiled user dll's ...
Registered in 0.011784 seconds.
Begin MonoManager ReloadAssembly
Symbol file LoadedFromMemory doesn't match image C:\Users\cozilas\Desktop\dogGame\doggyGame\projectUni\Library\PackageCache\com.unity.visualscripting@1.7.6\Editor\VisualScripting.Core\Dependencies\YamlDotNet\Unity.VisualScripting.YamlDotNet.dll
Symbol file LoadedFromMemory doesn't match image C:\Users\cozilas\Desktop\dogGame\doggyGame\projectUni\Library\PackageCache\com.unity.visualscripting@1.7.6\Editor\VisualScripting.Core\Dependencies\DotNetZip\Unity.VisualScripting.IonicZip.dll
Native extension for WindowsStandalone target not found
Refreshing native plugins compatible for Editor in 1.36 ms, found 3 plugins.
Preloading 0 native plugins for Editor in 0.00 ms.
Mono: successfully reloaded assembly
- Completed reload, in  2.084 seconds
Domain Reload Profiling:
	ReloadAssembly (2085ms)
		BeginReloadAssembly (249ms)
			ExecutionOrderSort (0ms)
			DisableScriptedObjects (9ms)
			BackupInstance (0ms)
			ReleaseScriptingObjects (0ms)
			CreateAndSetChildDomain (70ms)
		EndReloadAssembly (1674ms)
			LoadAssemblies (156ms)
			RebuildTransferFunctionScriptingTraits (0ms)
			SetupTypeCache (421ms)
			ReleaseScriptCaches (2ms)
			RebuildScriptCaches (70ms)
			SetupLoadedEditorAssemblies (940ms)
				LogAssemblyErrors (0ms)
				InitializePlatformSupportModulesInManaged (18ms)
				SetLoadedEditorAssemblies (1ms)
				RefreshPlugins (1ms)
				BeforeProcessingInitializeOnLoad (142ms)
				ProcessInitializeOnLoadAttributes (644ms)
				ProcessInitializeOnLoadMethodAttributes (122ms)
				AfterProcessingInitializeOnLoad (12ms)
				EditorAssembliesLoaded (0ms)
			ExecutionOrderSort2 (0ms)
			AwakeInstancesAfterBackupRestoration (28ms)
Platform modules already initialized, skipping
Refreshing native plugins compatible for Editor in 1.49 ms, found 3 plugins.
Preloading 0 native plugins for Editor in 0.00 ms.
Unloading 5012 Unused Serialized files (Serialized files now loaded: 0)
Unloading 43 unused Assets / (310.8 KB). Loaded Objects now: 5744.
Memory consumption went from 214.1 MB to 213.8 MB.
Total: 5.581200 ms (FindLiveObjects: 0.537700 ms CreateObjectMapping: 0.504600 ms MarkObjects: 4.454500 ms  DeleteObjects: 0.083000 ms)

AssetImportParameters requested are different than current active one (requested -> active):
  custom:video-decoder-ogg-theora: a1e56fd34408186e4bbccfd4996cb3dc -> 
  custom:container-muxer-webm: aa71ff27fc2769a1b78a27578f13a17b -> 
  custom:container-demuxer-webm: 4f35f7cbe854078d1ac9338744f61a02 -> 
  custom:video-encoder-webm-vp8: eb34c28f22e8b96e1ab97ce403110664 -> 
  custom:audio-encoder-webm-vorbis: bf7c407c2cedff20999df2af8eb42d56 -> 
  custom:framework-win-MediaFoundation: 216162199b28c13a410421893ffa2e32 -> 
  custom:container-demuxer-ogg: 62fdf1f143b41e24485cea50d1cbac27 -> 
  custom:video-decoder-webm-vp8: 9c59270c3fd7afecdb556c50c9e8de78 -> 
  custom:audio-decoder-ogg-vorbis: bf7c407c2cedff20999df2af8eb42d56 -> 
========================================================================
Received Prepare
Registering precompiled user dll's ...
Registered in 0.011576 seconds.
Begin MonoManager ReloadAssembly
Symbol file LoadedFromMemory doesn't match image C:\Users\cozilas\Desktop\dogGame\doggyGame\projectUni\Library\PackageCache\com.unity.visualscripting@1.7.6\Editor\VisualScripting.Core\Dependencies\YamlDotNet\Unity.VisualScripting.YamlDotNet.dll
Symbol file LoadedFromMemory doesn't match image C:\Users\cozilas\Desktop\dogGame\doggyGame\projectUni\Library\PackageCache\com.unity.visualscripting@1.7.6\Editor\VisualScripting.Core\Dependencies\DotNetZip\Unity.VisualScripting.IonicZip.dll
Native extension for WindowsStandalone target not found
Refreshing native plugins compatible for Editor in 2.04 ms, found 3 plugins.
Preloading 0 native plugins for Editor in 0.00 ms.
Mono: successfully reloaded assembly
- Completed reload, in  2.224 seconds
Domain Reload Profiling:
	ReloadAssembly (2225ms)
		BeginReloadAssembly (234ms)
			ExecutionOrderSort (0ms)
			DisableScriptedObjects (16ms)
			BackupInstance (0ms)
			ReleaseScriptingObjects (0ms)
			CreateAndSetChildDomain (60ms)
		EndReloadAssembly (1835ms)
			LoadAssemblies (149ms)
			RebuildTransferFunctionScriptingTraits (0ms)
			SetupTypeCache (401ms)
			ReleaseScriptCaches (3ms)
			RebuildScriptCaches (81ms)
			SetupLoadedEditorAssemblies (1073ms)
				LogAssemblyErrors (0ms)
				InitializePlatformSupportModulesInManaged (24ms)
				SetLoadedEditorAssemblies (1ms)
				RefreshPlugins (2ms)
				BeforeProcessingInitializeOnLoad (188ms)
				ProcessInitializeOnLoadAttributes (706ms)
				ProcessInitializeOnLoadMethodAttributes (136ms)
				AfterProcessingInitializeOnLoad (16ms)
				EditorAssembliesLoaded (0ms)
			ExecutionOrderSort2 (0ms)
			AwakeInstancesAfterBackupRestoration (30ms)
Platform modules already initialized, skipping
Refreshing native plugins compatible for Editor in 2.87 ms, found 3 plugins.
Preloading 0 native plugins for Editor in 0.00 ms.
Unloading 5012 Unused Serialized files (Serialized files now loaded: 0)
Unloading 43 unused Assets / (310.8 KB). Loaded Objects now: 5746.
Memory consumption went from 214.1 MB to 213.8 MB.
Total: 8.549000 ms (FindLiveObjects: 0.733800 ms CreateObjectMapping: 1.129000 ms MarkObjects: 6.521900 ms  DeleteObjects: 0.162700 ms)

AssetImportParameters requested are different than current active one (requested -> active):
  custom:video-decoder-ogg-theora: a1e56fd34408186e4bbccfd4996cb3dc -> 
  custom:container-muxer-webm: aa71ff27fc2769a1b78a27578f13a17b -> 
  custom:container-demuxer-webm: 4f35f7cbe854078d1ac9338744f61a02 -> 
  custom:video-encoder-webm-vp8: eb34c28f22e8b96e1ab97ce403110664 -> 
  custom:audio-encoder-webm-vorbis: bf7c407c2cedff20999df2af8eb42d56 -> 
  custom:framework-win-MediaFoundation: 216162199b28c13a410421893ffa2e32 -> 
  custom:container-demuxer-ogg: 62fdf1f143b41e24485cea50d1cbac27 -> 
  custom:video-decoder-webm-vp8: 9c59270c3fd7afecdb556c50c9e8de78 -> 
  custom:audio-decoder-ogg-vorbis: bf7c407c2cedff20999df2af8eb42d56 -> 
========================================================================
Received Prepare
Registering precompiled user dll's ...
Registered in 0.012930 seconds.
Begin MonoManager ReloadAssembly
Symbol file LoadedFromMemory doesn't match image C:\Users\cozilas\Desktop\dogGame\doggyGame\projectUni\Library\PackageCache\com.unity.visualscripting@1.7.6\Editor\VisualScripting.Core\Dependencies\YamlDotNet\Unity.VisualScripting.YamlDotNet.dll
Symbol file LoadedFromMemory doesn't match image C:\Users\cozilas\Desktop\dogGame\doggyGame\projectUni\Library\PackageCache\com.unity.visualscripting@1.7.6\Editor\VisualScripting.Core\Dependencies\DotNetZip\Unity.VisualScripting.IonicZip.dll
Native extension for WindowsStandalone target not found
Refreshing native plugins compatible for Editor in 2.21 ms, found 3 plugins.
Preloading 0 native plugins for Editor in 0.00 ms.
Mono: successfully reloaded assembly
- Completed reload, in  2.234 seconds
Domain Reload Profiling:
	ReloadAssembly (2235ms)
		BeginReloadAssembly (220ms)
			ExecutionOrderSort (0ms)
			DisableScriptedObjects (10ms)
			BackupInstance (0ms)
			ReleaseScriptingObjects (0ms)
			CreateAndSetChildDomain (54ms)
		EndReloadAssembly (1849ms)
			LoadAssemblies (136ms)
			RebuildTransferFunctionScriptingTraits (0ms)
			SetupTypeCache (420ms)
			ReleaseScriptCaches (2ms)
			RebuildScriptCaches (69ms)
			SetupLoadedEditorAssemblies (1067ms)
				LogAssemblyErrors (0ms)
				InitializePlatformSupportModulesInManaged (26ms)
				SetLoadedEditorAssemblies (1ms)
				RefreshPlugins (2ms)
				BeforeProcessingInitializeOnLoad (178ms)
				ProcessInitializeOnLoadAttributes (705ms)
				ProcessInitializeOnLoadMethodAttributes (138ms)
				AfterProcessingInitializeOnLoad (16ms)
				EditorAssembliesLoaded (0ms)
			ExecutionOrderSort2 (0ms)
			AwakeInstancesAfterBackupRestoration (31ms)
Platform modules already initialized, skipping
Refreshing native plugins compatible for Editor in 1.54 ms, found 3 plugins.
Preloading 0 native plugins for Editor in 0.00 ms.
Unloading 5012 Unused Serialized files (Serialized files now loaded: 0)
Unloading 43 unused Assets / (309.8 KB). Loaded Objects now: 5748.
Memory consumption went from 214.1 MB to 213.8 MB.
Total: 6.731900 ms (FindLiveObjects: 0.717000 ms CreateObjectMapping: 0.647100 ms MarkObjects: 5.256400 ms  DeleteObjects: 0.110200 ms)

AssetImportParameters requested are different than current active one (requested -> active):
  custom:video-decoder-ogg-theora: a1e56fd34408186e4bbccfd4996cb3dc -> 
  custom:container-muxer-webm: aa71ff27fc2769a1b78a27578f13a17b -> 
  custom:container-demuxer-webm: 4f35f7cbe854078d1ac9338744f61a02 -> 
  custom:video-encoder-webm-vp8: eb34c28f22e8b96e1ab97ce403110664 -> 
  custom:audio-encoder-webm-vorbis: bf7c407c2cedff20999df2af8eb42d56 -> 
  custom:framework-win-MediaFoundation: 216162199b28c13a410421893ffa2e32 -> 
  custom:container-demuxer-ogg: 62fdf1f143b41e24485cea50d1cbac27 -> 
  custom:video-decoder-webm-vp8: 9c59270c3fd7afecdb556c50c9e8de78 -> 
  custom:audio-decoder-ogg-vorbis: bf7c407c2cedff20999df2af8eb42d56 -> 
========================================================================
Received Prepare
Registering precompiled user dll's ...
Registered in 0.012007 seconds.
Begin MonoManager ReloadAssembly
Symbol file LoadedFromMemory doesn't match image C:\Users\cozilas\Desktop\dogGame\doggyGame\projectUni\Library\PackageCache\com.unity.visualscripting@1.7.6\Editor\VisualScripting.Core\Dependencies\YamlDotNet\Unity.VisualScripting.YamlDotNet.dll
Symbol file LoadedFromMemory doesn't match image C:\Users\cozilas\Desktop\dogGame\doggyGame\projectUni\Library\PackageCache\com.unity.visualscripting@1.7.6\Editor\VisualScripting.Core\Dependencies\DotNetZip\Unity.VisualScripting.IonicZip.dll
Native extension for WindowsStandalone target not found
Refreshing native plugins compatible for Editor in 2.13 ms, found 3 plugins.
Preloading 0 native plugins for Editor in 0.00 ms.
Mono: successfully reloaded assembly
- Completed reload, in  2.010 seconds
Domain Reload Profiling:
	ReloadAssembly (2012ms)
		BeginReloadAssembly (221ms)
			ExecutionOrderSort (0ms)
			DisableScriptedObjects (9ms)
			BackupInstance (0ms)
			ReleaseScriptingObjects (0ms)
			CreateAndSetChildDomain (65ms)
		EndReloadAssembly (1641ms)
			LoadAssemblies (136ms)
			RebuildTransferFunctionScriptingTraits (0ms)
			SetupTypeCache (407ms)
			ReleaseScriptCaches (2ms)
			RebuildScriptCaches (73ms)
			SetupLoadedEditorAssemblies (903ms)
				LogAssemblyErrors (0ms)
				InitializePlatformSupportModulesInManaged (20ms)
				SetLoadedEditorAssemblies (1ms)
				RefreshPlugins (2ms)
				BeforeProcessingInitializeOnLoad (150ms)
				ProcessInitializeOnLoadAttributes (586ms)
				ProcessInitializeOnLoadMethodAttributes (127ms)
				AfterProcessingInitializeOnLoad (15ms)
				EditorAssembliesLoaded (0ms)
			ExecutionOrderSort2 (0ms)
			AwakeInstancesAfterBackupRestoration (28ms)
Platform modules already initialized, skipping
Refreshing native plugins compatible for Editor in 2.46 ms, found 3 plugins.
Preloading 0 native plugins for Editor in 0.00 ms.
Unloading 5012 Unused Serialized files (Serialized files now loaded: 0)
Unloading 43 unused Assets / (309.8 KB). Loaded Objects now: 5750.
Memory consumption went from 214.1 MB to 213.8 MB.
Total: 5.569700 ms (FindLiveObjects: 0.641900 ms CreateObjectMapping: 0.604200 ms MarkObjects: 4.165600 ms  DeleteObjects: 0.156400 ms)

AssetImportParameters requested are different than current active one (requested -> active):
  custom:video-decoder-ogg-theora: a1e56fd34408186e4bbccfd4996cb3dc -> 
  custom:container-muxer-webm: aa71ff27fc2769a1b78a27578f13a17b -> 
  custom:container-demuxer-webm: 4f35f7cbe854078d1ac9338744f61a02 -> 
  custom:video-encoder-webm-vp8: eb34c28f22e8b96e1ab97ce403110664 -> 
  custom:audio-encoder-webm-vorbis: bf7c407c2cedff20999df2af8eb42d56 -> 
  custom:framework-win-MediaFoundation: 216162199b28c13a410421893ffa2e32 -> 
  custom:container-demuxer-ogg: 62fdf1f143b41e24485cea50d1cbac27 -> 
  custom:video-decoder-webm-vp8: 9c59270c3fd7afecdb556c50c9e8de78 -> 
  custom:audio-decoder-ogg-vorbis: bf7c407c2cedff20999df2af8eb42d56 -> 
========================================================================
Received Prepare
Registering precompiled user dll's ...
Registered in 0.011652 seconds.
Begin MonoManager ReloadAssembly
Symbol file LoadedFromMemory doesn't match image C:\Users\cozilas\Desktop\dogGame\doggyGame\projectUni\Library\PackageCache\com.unity.visualscripting@1.7.6\Editor\VisualScripting.Core\Dependencies\YamlDotNet\Unity.VisualScripting.YamlDotNet.dll
Symbol file LoadedFromMemory doesn't match image C:\Users\cozilas\Desktop\dogGame\doggyGame\projectUni\Library\PackageCache\com.unity.visualscripting@1.7.6\Editor\VisualScripting.Core\Dependencies\DotNetZip\Unity.VisualScripting.IonicZip.dll
Native extension for WindowsStandalone target not found
Refreshing native plugins compatible for Editor in 2.04 ms, found 3 plugins.
Preloading 0 native plugins for Editor in 0.00 ms.
Mono: successfully reloaded assembly
- Completed reload, in  2.245 seconds
Domain Reload Profiling:
	ReloadAssembly (2246ms)
		BeginReloadAssembly (196ms)
			ExecutionOrderSort (0ms)
			DisableScriptedObjects (12ms)
			BackupInstance (0ms)
			ReleaseScriptingObjects (0ms)
			CreateAndSetChildDomain (55ms)
		EndReloadAssembly (1884ms)
			LoadAssemblies (131ms)
			RebuildTransferFunctionScriptingTraits (0ms)
			SetupTypeCache (447ms)
			ReleaseScriptCaches (2ms)
			RebuildScriptCaches (79ms)
			SetupLoadedEditorAssemblies (1057ms)
				LogAssemblyErrors (0ms)
				InitializePlatformSupportModulesInManaged (20ms)
				SetLoadedEditorAssemblies (1ms)
				RefreshPlugins (2ms)
				BeforeProcessingInitializeOnLoad (175ms)
				ProcessInitializeOnLoadAttributes (700ms)
				ProcessInitializeOnLoadMethodAttributes (144ms)
				AfterProcessingInitializeOnLoad (15ms)
				EditorAssembliesLoaded (0ms)
			ExecutionOrderSort2 (0ms)
			AwakeInstancesAfterBackupRestoration (30ms)
Platform modules already initialized, skipping
Refreshing native plugins compatible for Editor in 2.05 ms, found 3 plugins.
Preloading 0 native plugins for Editor in 0.00 ms.
Unloading 5012 Unused Serialized files (Serialized files now loaded: 0)
Unloading 43 unused Assets / (310.8 KB). Loaded Objects now: 5752.
Memory consumption went from 213.9 MB to 213.6 MB.
Total: 7.568400 ms (FindLiveObjects: 0.630700 ms CreateObjectMapping: 0.789500 ms MarkObjects: 6.052100 ms  DeleteObjects: 0.094300 ms)

AssetImportParameters requested are different than current active one (requested -> active):
  custom:video-decoder-ogg-theora: a1e56fd34408186e4bbccfd4996cb3dc -> 
  custom:container-muxer-webm: aa71ff27fc2769a1b78a27578f13a17b -> 
  custom:container-demuxer-webm: 4f35f7cbe854078d1ac9338744f61a02 -> 
  custom:video-encoder-webm-vp8: eb34c28f22e8b96e1ab97ce403110664 -> 
  custom:audio-encoder-webm-vorbis: bf7c407c2cedff20999df2af8eb42d56 -> 
  custom:framework-win-MediaFoundation: 216162199b28c13a410421893ffa2e32 -> 
  custom:container-demuxer-ogg: 62fdf1f143b41e24485cea50d1cbac27 -> 
  custom:video-decoder-webm-vp8: 9c59270c3fd7afecdb556c50c9e8de78 -> 
  custom:audio-decoder-ogg-vorbis: bf7c407c2cedff20999df2af8eb42d56 -> 
========================================================================
Received Import Request.
  Time since last request: 390.598370 seconds.
  path: Assets/AxeyWorks/PolyWorks/Prefabs/Standard/Dungeon/Dungeon_Tiles_Modular_1x1_Column_Small_Short_Stone_01.prefab
  artifactKey: Guid(3b3d58d96052de8489ed4d34b72fcf08) Importer(815301076,1909f56bfc062723c751e8b465ee728b)
Start importing Assets/AxeyWorks/PolyWorks/Prefabs/Standard/Dungeon/Dungeon_Tiles_Modular_1x1_Column_Small_Short_Stone_01.prefab using Guid(3b3d58d96052de8489ed4d34b72fcf08) Importer(815301076,1909f56bfc062723c751e8b465ee728b)  -> (artifact id: 'e04586b0848b3decdf30d59cdc170f4d') in 0.358237 seconds 
========================================================================
Received Import Request.
  Time since last request: 0.000045 seconds.
  path: Assets/AxeyWorks/PolyWorks/Prefabs/Flat/SciFi/SciFi_Modular_Tile_White_08.prefab
  artifactKey: Guid(9398a380218d8c546b2357806c5997bd) Importer(815301076,1909f56bfc062723c751e8b465ee728b)
Start importing Assets/AxeyWorks/PolyWorks/Prefabs/Flat/SciFi/SciFi_Modular_Tile_White_08.prefab using Guid(9398a380218d8c546b2357806c5997bd) Importer(815301076,1909f56bfc062723c751e8b465ee728b)  -> (artifact id: '1169a213c9571daebbc47236140d41c8') in 0.098597 seconds 
========================================================================
Received Import Request.
  Time since last request: 0.000040 seconds.
  path: Assets/AxeyWorks/PolyWorks/Prefabs/Standard/SciFi/SciFi_Modular_Tile_White_08.prefab
  artifactKey: Guid(aa6f655708a6fd042bc01fa830be28ac) Importer(815301076,1909f56bfc062723c751e8b465ee728b)
Start importing Assets/AxeyWorks/PolyWorks/Prefabs/Standard/SciFi/SciFi_Modular_Tile_White_08.prefab using Guid(aa6f655708a6fd042bc01fa830be28ac) Importer(815301076,1909f56bfc062723c751e8b465ee728b)  -> (artifact id: '876b2e8737dbb0d7fe2421011eae001e') in 0.023266 seconds 
========================================================================
Received Import Request.
  Time since last request: 0.000044 seconds.
  path: Assets/AxeyWorks/PolyWorks/Meshes/SciFi/SciFi_Modular_Tile_Door_Small_White_01.fbx
  artifactKey: Guid(9536be1e62a07aa4693e46b7dd859616) Importer(815301076,1909f56bfc062723c751e8b465ee728b)
Start importing Assets/AxeyWorks/PolyWorks/Meshes/SciFi/SciFi_Modular_Tile_Door_Small_White_01.fbx using Guid(9536be1e62a07aa4693e46b7dd859616) Importer(815301076,1909f56bfc062723c751e8b465ee728b)  -> (artifact id: '4f24e5aac6943f791583380407c22c3a') in 0.151393 seconds 
========================================================================
Received Import Request.
  Time since last request: 0.000037 seconds.
  path: Assets/AxeyWorks/PolyWorks/Prefabs/Flat/SciFi/SciFi_Modular_Tile_Wall_Escape_Pod_White_01.prefab
  artifactKey: Guid(0c5386d352c97c844acdee1476a7d7ba) Importer(815301076,1909f56bfc062723c751e8b465ee728b)
Start importing Assets/AxeyWorks/PolyWorks/Prefabs/Flat/SciFi/SciFi_Modular_Tile_Wall_Escape_Pod_White_01.prefab using Guid(0c5386d352c97c844acdee1476a7d7ba) Importer(815301076,1909f56bfc062723c751e8b465ee728b)  -> (artifact id: 'a77e673b965b9389c6349439064e2650') in 0.065134 seconds 
========================================================================
Received Import Request.
  Time since last request: 0.000036 seconds.
  path: Assets/AxeyWorks/PolyWorks/Prefabs/Standard/Dungeon/Dungeon_Tiles_Modular_1x1_Wall_2_Stone_01.prefab
  artifactKey: Guid(ab8179fd4bc56fb4f94375732d806faf) Importer(815301076,1909f56bfc062723c751e8b465ee728b)
Start importing Assets/AxeyWorks/PolyWorks/Prefabs/Standard/Dungeon/Dungeon_Tiles_Modular_1x1_Wall_2_Stone_01.prefab using Guid(ab8179fd4bc56fb4f94375732d806faf) Importer(815301076,1909f56bfc062723c751e8b465ee728b)  -> (artifact id: '1106a520101c7014be657db04697ebc3') in 0.023102 seconds 
========================================================================
Received Import Request.
  Time since last request: 0.000049 seconds.
  path: Assets/AxeyWorks/PolyWorks/Prefabs/Flat/Dungeon/Dungeon_Tiles_Modular_1x1_Wall_2_Stone_01.prefab
  artifactKey: Guid(2aecc621b08945d49b98cf537598118f) Importer(815301076,1909f56bfc062723c751e8b465ee728b)
Start importing Assets/AxeyWorks/PolyWorks/Prefabs/Flat/Dungeon/Dungeon_Tiles_Modular_1x1_Wall_2_Stone_01.prefab using Guid(2aecc621b08945d49b98cf537598118f) Importer(815301076,1909f56bfc062723c751e8b465ee728b)  -> (artifact id: '92a163554b53407901a69008adca64ff') in 0.026441 seconds 
========================================================================
Received Import Request.
  Time since last request: 0.000041 seconds.
  path: Assets/AxeyWorks/PolyWorks/Prefabs/Standard/SciFi/SciFi_Modular_Tile_Door_Small_White_01.prefab
  artifactKey: Guid(bd35d2d4bd1865b45b87730901b87c6e) Importer(815301076,1909f56bfc062723c751e8b465ee728b)
Start importing Assets/AxeyWorks/PolyWorks/Prefabs/Standard/SciFi/SciFi_Modular_Tile_Door_Small_White_01.prefab using Guid(bd35d2d4bd1865b45b87730901b87c6e) Importer(815301076,1909f56bfc062723c751e8b465ee728b)  -> (artifact id: 'de5ffde221ce1c8b370d494e2341a5b0') in 0.024679 seconds 
========================================================================
Received Import Request.
  Time since last request: 0.000034 seconds.
  path: Assets/AxeyWorks/PolyWorks/Prefabs/Standard/SciFi/SciFi_Modular_Tile_White_01.prefab
  artifactKey: Guid(b7002f88e111eb64c947e218e287260b) Importer(815301076,1909f56bfc062723c751e8b465ee728b)
Start importing Assets/AxeyWorks/PolyWorks/Prefabs/Standard/SciFi/SciFi_Modular_Tile_White_01.prefab using Guid(b7002f88e111eb64c947e218e287260b) Importer(815301076,1909f56bfc062723c751e8b465ee728b)  -> (artifact id: '0df8d9222895538f4e747da0d0728c82') in 0.037110 seconds 
========================================================================
Received Import Request.
  Time since last request: 0.000046 seconds.
  path: Assets/AxeyWorks/PolyWorks/Prefabs/Flat/SciFi/SciFi_Modular_Tile_Door_Small_White_01.prefab
  artifactKey: Guid(11797b4eaccc1494984ce492ff44c36a) Importer(815301076,1909f56bfc062723c751e8b465ee728b)
Start importing Assets/AxeyWorks/PolyWorks/Prefabs/Flat/SciFi/SciFi_Modular_Tile_Door_Small_White_01.prefab using Guid(11797b4eaccc1494984ce492ff44c36a) Importer(815301076,1909f56bfc062723c751e8b465ee728b)  -> (artifact id: '7ad19912e388e818868948ade4853c75') in 0.025865 seconds 
========================================================================
Received Import Request.
  Time since last request: 0.000047 seconds.
  path: Assets/Prefabs/Tile3.prefab
  artifactKey: Guid(6710cdcc5e0625647a37c2ee5fa8c57a) Importer(815301076,1909f56bfc062723c751e8b465ee728b)
Start importing Assets/Prefabs/Tile3.prefab using Guid(6710cdcc5e0625647a37c2ee5fa8c57a) Importer(815301076,1909f56bfc062723c751e8b465ee728b)  -> (artifact id: 'e08f094f3bbd4724ea45ba28da660d95') in 0.451462 seconds 
========================================================================
Received Import Request.
  Time since last request: 0.000039 seconds.
  path: Assets/AxeyWorks/PolyWorks/Prefabs/Flat/Dungeon/Dungeon_Tiles_Modular_1x1_Wall_2_Corner_Stone_01.prefab
  artifactKey: Guid(de406a772863bf84881d03fbc99768ef) Importer(815301076,1909f56bfc062723c751e8b465ee728b)
Start importing Assets/AxeyWorks/PolyWorks/Prefabs/Flat/Dungeon/Dungeon_Tiles_Modular_1x1_Wall_2_Corner_Stone_01.prefab using Guid(de406a772863bf84881d03fbc99768ef) Importer(815301076,1909f56bfc062723c751e8b465ee728b)  -> (artifact id: '370a7cea476c43e8e72fdf327e325dcf') in 0.025920 seconds 
========================================================================
Received Import Request.
  Time since last request: 0.000095 seconds.
  path: Assets/AxeyWorks/PolyWorks/Prefabs/Standard/Dungeon/Dungeon_Tiles_Modular_1x1_Stone_01.prefab
  artifactKey: Guid(e2500d2e59a9de34a8d702811cacb178) Importer(815301076,1909f56bfc062723c751e8b465ee728b)
Start importing Assets/AxeyWorks/PolyWorks/Prefabs/Standard/Dungeon/Dungeon_Tiles_Modular_1x1_Stone_01.prefab using Guid(e2500d2e59a9de34a8d702811cacb178) Importer(815301076,1909f56bfc062723c751e8b465ee728b)  -> (artifact id: '25e10dbb27b1c4e0967fefd5a81deeb2') in 0.026274 seconds 
========================================================================
Received Import Request.
  Time since last request: 0.000044 seconds.
  path: Assets/AxeyWorks/PolyWorks/Prefabs/Flat/Dungeon/Dungeon_Tiles_Modular_1x1_Column_Small_Short_Stone_01.prefab
  artifactKey: Guid(8c7ecf5bd64608c4e881ff46547d081b) Importer(815301076,1909f56bfc062723c751e8b465ee728b)
Start importing Assets/AxeyWorks/PolyWorks/Prefabs/Flat/Dungeon/Dungeon_Tiles_Modular_1x1_Column_Small_Short_Stone_01.prefab using Guid(8c7ecf5bd64608c4e881ff46547d081b) Importer(815301076,1909f56bfc062723c751e8b465ee728b)  -> (artifact id: 'e28809b48a4916f5a6e12d4b12cec4cf') in 0.028715 seconds 
========================================================================
Received Import Request.
  Time since last request: 0.000053 seconds.
  path: Assets/AxeyWorks/PolyWorks/Meshes/Dungeon/Dungeon_Tiles_Modular_1x1_Stone_01.fbx
  artifactKey: Guid(aefc90c144f51054ebe4c5bbcba808a3) Importer(815301076,1909f56bfc062723c751e8b465ee728b)
Start importing Assets/AxeyWorks/PolyWorks/Meshes/Dungeon/Dungeon_Tiles_Modular_1x1_Stone_01.fbx using Guid(aefc90c144f51054ebe4c5bbcba808a3) Importer(815301076,1909f56bfc062723c751e8b465ee728b)  -> (artifact id: '676da8350f8e36a6bcc04534f897ebfb') in 0.046747 seconds 
========================================================================
Received Import Request.
  Time since last request: 0.000034 seconds.
  path: Assets/AxeyWorks/PolyWorks/Meshes/SciFi/SciFi_Modular_Tile_White_07.fbx
  artifactKey: Guid(dfc9a774c34d57d4fb0d325814c28ca7) Importer(815301076,1909f56bfc062723c751e8b465ee728b)
Start importing Assets/AxeyWorks/PolyWorks/Meshes/SciFi/SciFi_Modular_Tile_White_07.fbx using Guid(dfc9a774c34d57d4fb0d325814c28ca7) Importer(815301076,1909f56bfc062723c751e8b465ee728b)  -> (artifact id: '04b022a479bfa230550407977ca3b961') in 0.050654 seconds 
========================================================================
Received Import Request.
  Time since last request: 0.000034 seconds.
  path: Assets/AxeyWorks/PolyWorks/Meshes/SciFi/SciFi_Modular_Tile_Wall_Escape_Pod_White_01.fbx
  artifactKey: Guid(3350cd20d9b924048ba1b7fcd3b8760c) Importer(815301076,1909f56bfc062723c751e8b465ee728b)
Start importing Assets/AxeyWorks/PolyWorks/Meshes/SciFi/SciFi_Modular_Tile_Wall_Escape_Pod_White_01.fbx using Guid(3350cd20d9b924048ba1b7fcd3b8760c) Importer(815301076,1909f56bfc062723c751e8b465ee728b)  -> (artifact id: '785785024a88484be7d80d1c19bec8ef') in 0.047295 seconds 
========================================================================
Received Import Request.
  Time since last request: 0.000039 seconds.
  path: Assets/Prefabs/Tile2.prefab
  artifactKey: Guid(5e1c16cdcaff87c4a9c637ad20c02ed6) Importer(815301076,1909f56bfc062723c751e8b465ee728b)
Start importing Assets/Prefabs/Tile2.prefab using Guid(5e1c16cdcaff87c4a9c637ad20c02ed6) Importer(815301076,1909f56bfc062723c751e8b465ee728b)  -> (artifact id: '675c677910fc2d4eb4a76bc4fef52eb2') in 0.285191 seconds 
========================================================================
Received Import Request.
  Time since last request: 60.327788 seconds.
  path: Assets/Prefabs/Tile6.prefab
  artifactKey: Guid(11ea72422bfcef9408322a27e050f26e) Importer(815301076,1909f56bfc062723c751e8b465ee728b)
Start importing Assets/Prefabs/Tile6.prefab using Guid(11ea72422bfcef9408322a27e050f26e) Importer(815301076,1909f56bfc062723c751e8b465ee728b)  -> (artifact id: '25fffdf57f7f56c8b865b297926ea746') in 0.353868 seconds 
========================================================================
Received Import Request.
  Time since last request: 0.000034 seconds.
  path: Assets/Prefabs/Tile9.prefab
  artifactKey: Guid(94fae200483fb224e9f36a5858ff8331) Importer(815301076,1909f56bfc062723c751e8b465ee728b)
Start importing Assets/Prefabs/Tile9.prefab using Guid(94fae200483fb224e9f36a5858ff8331) Importer(815301076,1909f56bfc062723c751e8b465ee728b)  -> (artifact id: '9c4e5cef709ba822abf0a7ab39d0bba6') in 0.410664 seconds 
========================================================================
Received Import Request.
  Time since last request: 0.000044 seconds.
  path: Assets/Prefabs/Tile7.prefab
  artifactKey: Guid(babea303bbf06a94c9a48cb1275f260e) Importer(815301076,1909f56bfc062723c751e8b465ee728b)
Start importing Assets/Prefabs/Tile7.prefab using Guid(babea303bbf06a94c9a48cb1275f260e) Importer(815301076,1909f56bfc062723c751e8b465ee728b)  -> (artifact id: 'bb70cfa2cf5c758e0cb418e00107d7cd') in 0.278499 seconds 
========================================================================
Received Import Request.
  Time since last request: 0.000081 seconds.
  path: Assets/Scripts/TileManager.cs
  artifactKey: Guid(494800efc6e4d084ea76dbe1ed96951c) Importer(815301076,1909f56bfc062723c751e8b465ee728b)
Start importing Assets/Scripts/TileManager.cs using Guid(494800efc6e4d084ea76dbe1ed96951c) Importer(815301076,1909f56bfc062723c751e8b465ee728b)  -> (artifact id: '2b20e91ef8b0dc9c8330f0e44b8aa339') in 0.015787 seconds 
========================================================================
Received Import Request.
  Time since last request: 0.000056 seconds.
  path: Assets/Prefabs/Tile10.prefab
  artifactKey: Guid(a88c02acb7576c8459b5eb13050f0564) Importer(815301076,1909f56bfc062723c751e8b465ee728b)
Start importing Assets/Prefabs/Tile10.prefab using Guid(a88c02acb7576c8459b5eb13050f0564) Importer(815301076,1909f56bfc062723c751e8b465ee728b)  -> (artifact id: 'a48d7a849b9584ae42de9b6d15258acd') in 0.315042 seconds 
========================================================================
Received Prepare
Registering precompiled user dll's ...
Registered in 0.013619 seconds.
Begin MonoManager ReloadAssembly
Symbol file LoadedFromMemory doesn't match image C:\Users\cozilas\Desktop\dogGame\doggyGame\projectUni\Library\PackageCache\com.unity.visualscripting@1.7.6\Editor\VisualScripting.Core\Dependencies\YamlDotNet\Unity.VisualScripting.YamlDotNet.dll
Symbol file LoadedFromMemory doesn't match image C:\Users\cozilas\Desktop\dogGame\doggyGame\projectUni\Library\PackageCache\com.unity.visualscripting@1.7.6\Editor\VisualScripting.Core\Dependencies\DotNetZip\Unity.VisualScripting.IonicZip.dll
Native extension for WindowsStandalone target not found
Refreshing native plugins compatible for Editor in 2.63 ms, found 3 plugins.
Preloading 0 native plugins for Editor in 0.00 ms.
Mono: successfully reloaded assembly
- Completed reload, in  2.199 seconds
Domain Reload Profiling:
	ReloadAssembly (2200ms)
		BeginReloadAssembly (215ms)
			ExecutionOrderSort (0ms)
			DisableScriptedObjects (15ms)
			BackupInstance (0ms)
			ReleaseScriptingObjects (0ms)
			CreateAndSetChildDomain (61ms)
		EndReloadAssembly (1770ms)
			LoadAssemblies (152ms)
			RebuildTransferFunctionScriptingTraits (0ms)
			SetupTypeCache (499ms)
			ReleaseScriptCaches (2ms)
			RebuildScriptCaches (72ms)
			SetupLoadedEditorAssemblies (920ms)
				LogAssemblyErrors (0ms)
				InitializePlatformSupportModulesInManaged (19ms)
				SetLoadedEditorAssemblies (1ms)
				RefreshPlugins (3ms)
				BeforeProcessingInitializeOnLoad (159ms)
				ProcessInitializeOnLoadAttributes (621ms)
				ProcessInitializeOnLoadMethodAttributes (104ms)
				AfterProcessingInitializeOnLoad (12ms)
				EditorAssembliesLoaded (0ms)
			ExecutionOrderSort2 (0ms)
			AwakeInstancesAfterBackupRestoration (29ms)
Platform modules already initialized, skipping
Refreshing native plugins compatible for Editor in 2.32 ms, found 3 plugins.
Preloading 0 native plugins for Editor in 0.00 ms.
Unloading 5012 Unused Serialized files (Serialized files now loaded: 0)
Unloading 43 unused Assets / (310.9 KB). Loaded Objects now: 5797.
Memory consumption went from 214.7 MB to 214.4 MB.
Total: 8.692200 ms (FindLiveObjects: 0.743700 ms CreateObjectMapping: 0.609500 ms MarkObjects: 7.235600 ms  DeleteObjects: 0.101700 ms)

AssetImportParameters requested are different than current active one (requested -> active):
  custom:video-decoder-ogg-theora: a1e56fd34408186e4bbccfd4996cb3dc -> 
  custom:container-muxer-webm: aa71ff27fc2769a1b78a27578f13a17b -> 
  custom:container-demuxer-webm: 4f35f7cbe854078d1ac9338744f61a02 -> 
  custom:video-encoder-webm-vp8: eb34c28f22e8b96e1ab97ce403110664 -> 
  custom:audio-encoder-webm-vorbis: bf7c407c2cedff20999df2af8eb42d56 -> 
  custom:framework-win-MediaFoundation: 216162199b28c13a410421893ffa2e32 -> 
  custom:container-demuxer-ogg: 62fdf1f143b41e24485cea50d1cbac27 -> 
  custom:video-decoder-webm-vp8: 9c59270c3fd7afecdb556c50c9e8de78 -> 
  custom:audio-decoder-ogg-vorbis: bf7c407c2cedff20999df2af8eb42d56 -> 
========================================================================
Received Prepare
Registering precompiled user dll's ...
Registered in 0.013298 seconds.
Begin MonoManager ReloadAssembly
Symbol file LoadedFromMemory doesn't match image C:\Users\cozilas\Desktop\dogGame\doggyGame\projectUni\Library\PackageCache\com.unity.visualscripting@1.7.6\Editor\VisualScripting.Core\Dependencies\YamlDotNet\Unity.VisualScripting.YamlDotNet.dll
Symbol file LoadedFromMemory doesn't match image C:\Users\cozilas\Desktop\dogGame\doggyGame\projectUni\Library\PackageCache\com.unity.visualscripting@1.7.6\Editor\VisualScripting.Core\Dependencies\DotNetZip\Unity.VisualScripting.IonicZip.dll
Native extension for WindowsStandalone target not found
Refreshing native plugins compatible for Editor in 3.18 ms, found 3 plugins.
Preloading 0 native plugins for Editor in 0.00 ms.
Mono: successfully reloaded assembly
- Completed reload, in  2.265 seconds
Domain Reload Profiling:
	ReloadAssembly (2266ms)
		BeginReloadAssembly (211ms)
			ExecutionOrderSort (0ms)
			DisableScriptedObjects (9ms)
			BackupInstance (0ms)
			ReleaseScriptingObjects (0ms)
			CreateAndSetChildDomain (56ms)
		EndReloadAssembly (1900ms)
			LoadAssemblies (139ms)
			RebuildTransferFunctionScriptingTraits (0ms)
			SetupTypeCache (429ms)
			ReleaseScriptCaches (2ms)
			RebuildScriptCaches (149ms)
			SetupLoadedEditorAssemblies (1011ms)
				LogAssemblyErrors (0ms)
				InitializePlatformSupportModulesInManaged (25ms)
				SetLoadedEditorAssemblies (1ms)
				RefreshPlugins (3ms)
				BeforeProcessingInitializeOnLoad (181ms)
				ProcessInitializeOnLoadAttributes (638ms)
				ProcessInitializeOnLoadMethodAttributes (145ms)
				AfterProcessingInitializeOnLoad (18ms)
				EditorAssembliesLoaded (0ms)
			ExecutionOrderSort2 (0ms)
			AwakeInstancesAfterBackupRestoration (36ms)
Platform modules already initialized, skipping
Refreshing native plugins compatible for Editor in 2.38 ms, found 3 plugins.
Preloading 0 native plugins for Editor in 0.00 ms.
Unloading 5012 Unused Serialized files (Serialized files now loaded: 0)
Unloading 43 unused Assets / (309.9 KB). Loaded Objects now: 5799.
Memory consumption went from 214.6 MB to 214.3 MB.
Total: 14.157900 ms (FindLiveObjects: 2.799400 ms CreateObjectMapping: 1.440700 ms MarkObjects: 9.766000 ms  DeleteObjects: 0.148600 ms)

AssetImportParameters requested are different than current active one (requested -> active):
  custom:video-decoder-ogg-theora: a1e56fd34408186e4bbccfd4996cb3dc -> 
  custom:container-muxer-webm: aa71ff27fc2769a1b78a27578f13a17b -> 
  custom:container-demuxer-webm: 4f35f7cbe854078d1ac9338744f61a02 -> 
  custom:video-encoder-webm-vp8: eb34c28f22e8b96e1ab97ce403110664 -> 
  custom:audio-encoder-webm-vorbis: bf7c407c2cedff20999df2af8eb42d56 -> 
  custom:framework-win-MediaFoundation: 216162199b28c13a410421893ffa2e32 -> 
  custom:container-demuxer-ogg: 62fdf1f143b41e24485cea50d1cbac27 -> 
  custom:video-decoder-webm-vp8: 9c59270c3fd7afecdb556c50c9e8de78 -> 
  custom:audio-decoder-ogg-vorbis: bf7c407c2cedff20999df2af8eb42d56 -> 
Editor requested this worker to shutdown with reason: Scaling down because of idle timeout
AssetImportWorker is now disconnected from the server
Process exiting
Exiting without the bug reporter. Application will terminate with return code 0