Using pre-set license
Built from '2021.2/staging' branch; Version is '2021.2.7f1 (6bd9e232123f) revision 7068130'; Using compiler version '192829333'; Build Type 'Release'
OS: 'Windows 10  (10.0.19043) 64bit CoreSingleLanguage' Language: 'en' Physical Memory: 8067 MB
BatchMode: 1, IsHumanControllingUs: 0, StartBugReporterOnCrash: 0, Is64bit: 1, IsPro: 0

COMMAND LINE ARGUMENTS:
C:\unity2020\2021.2.7f1\Editor\Unity.exe
-adb2
-batchMode
-noUpm
-name
AssetImportWorker6
-projectPath
C:/Users/cozilas/Desktop/dogGame/doggyGame/projectUni
-logFile
Logs/AssetImportWorker6.log
-srvPort
63946
Successfully changed project path to: C:/Users/cozilas/Desktop/dogGame/doggyGame/projectUni
C:/Users/cozilas/Desktop/dogGame/doggyGame/projectUni
[UnityMemory] Configuration Parameters - Can be set up in boot.config
    "memorysetup-bucket-allocator-granularity=16"
    "memorysetup-bucket-allocator-bucket-count=8"
    "memorysetup-bucket-allocator-block-size=33554432"
    "memorysetup-bucket-allocator-block-count=8"
    "memorysetup-main-allocator-block-size=16777216"
    "memorysetup-thread-allocator-block-size=16777216"
    "memorysetup-gfx-main-allocator-block-size=16777216"
    "memorysetup-gfx-thread-allocator-block-size=16777216"
    "memorysetup-cache-allocator-block-size=4194304"
    "memorysetup-typetree-allocator-block-size=2097152"
    "memorysetup-profiler-bucket-allocator-granularity=16"
    "memorysetup-profiler-bucket-allocator-bucket-count=8"
    "memorysetup-profiler-bucket-allocator-block-size=33554432"
    "memorysetup-profiler-bucket-allocator-block-count=8"
    "memorysetup-profiler-allocator-block-size=16777216"
    "memorysetup-profiler-editor-allocator-block-size=1048576"
    "memorysetup-temp-allocator-size-main=16777216"
    "memorysetup-job-temp-allocator-block-size=2097152"
    "memorysetup-job-temp-allocator-block-size-background=1048576"
    "memorysetup-job-temp-allocator-reduction-small-platforms=262144"
    "memorysetup-temp-allocator-size-background-worker=32768"
    "memorysetup-temp-allocator-size-job-worker=262144"
    "memorysetup-temp-allocator-size-preload-manager=33554432"
    "memorysetup-temp-allocator-size-nav-mesh-worker=65536"
    "memorysetup-temp-allocator-size-audio-worker=65536"
    "memorysetup-temp-allocator-size-cloud-worker=32768"
    "memorysetup-temp-allocator-size-gi-baking-worker=262144"
    "memorysetup-temp-allocator-size-gfx=262144"
Refreshing native plugins compatible for Editor in 191.74 ms, found 3 plugins.
Preloading 0 native plugins for Editor in 0.00 ms.
Initialize engine version: 2021.2.7f1 (6bd9e232123f)
[Subsystems] Discovering subsystems at path C:/unity2020/2021.2.7f1/Editor/Data/Resources/UnitySubsystems
[Subsystems] Discovering subsystems at path C:/Users/cozilas/Desktop/dogGame/doggyGame/projectUni/Assets
GfxDevice: creating device client; threaded=0; jobified=0
Direct3D:
    Version:  Direct3D 11.0 [level 11.1]
    Renderer: NVIDIA GeForce GTX 1660 Ti (ID=0x2191)
    Vendor:   NVIDIA
    VRAM:     5991 MB
    Driver:   27.21.14.6280
Initialize mono
Mono path[0] = 'C:/unity2020/2021.2.7f1/Editor/Data/Managed'
Mono path[1] = 'C:/unity2020/2021.2.7f1/Editor/Data/MonoBleedingEdge/lib/mono/unityjit-win32'
Mono config path = 'C:/unity2020/2021.2.7f1/Editor/Data/MonoBleedingEdge/etc'
Using monoOptions --debugger-agent=transport=dt_socket,embedding=1,server=y,suspend=n,address=127.0.0.1:56028
Begin MonoManager ReloadAssembly
Registering precompiled unity dll's ...
Register platform support module: C:/unity2020/2021.2.7f1/Editor/Data/PlaybackEngines/WindowsStandaloneSupport/UnityEditor.WindowsStandalone.Extensions.dll
Registered in 0.010592 seconds.
Native extension for WindowsStandalone target not found
Refreshing native plugins compatible for Editor in 216.19 ms, found 3 plugins.
Preloading 0 native plugins for Editor in 0.00 ms.
Mono: successfully reloaded assembly
- Completed reload, in  1.137 seconds
Domain Reload Profiling:
	ReloadAssembly (1137ms)
		BeginReloadAssembly (130ms)
			ExecutionOrderSort (0ms)
			DisableScriptedObjects (0ms)
			BackupInstance (0ms)
			ReleaseScriptingObjects (0ms)
			CreateAndSetChildDomain (1ms)
		EndReloadAssembly (852ms)
			LoadAssemblies (127ms)
			RebuildTransferFunctionScriptingTraits (0ms)
			SetupTypeCache (161ms)
			ReleaseScriptCaches (0ms)
			RebuildScriptCaches (55ms)
			SetupLoadedEditorAssemblies (543ms)
				LogAssemblyErrors (0ms)
				InitializePlatformSupportModulesInManaged (26ms)
				SetLoadedEditorAssemblies (0ms)
				RefreshPlugins (216ms)
				BeforeProcessingInitializeOnLoad (2ms)
				ProcessInitializeOnLoadAttributes (218ms)
				ProcessInitializeOnLoadMethodAttributes (81ms)
				AfterProcessingInitializeOnLoad (0ms)
				EditorAssembliesLoaded (0ms)
			ExecutionOrderSort2 (0ms)
			AwakeInstancesAfterBackupRestoration (0ms)
Platform modules already initialized, skipping
Registering precompiled user dll's ...
Registered in 0.013090 seconds.
Begin MonoManager ReloadAssembly
Symbol file LoadedFromMemory doesn't match image C:\Users\cozilas\Desktop\dogGame\doggyGame\projectUni\Library\PackageCache\com.unity.visualscripting@1.7.6\Editor\VisualScripting.Core\Dependencies\YamlDotNet\Unity.VisualScripting.YamlDotNet.dll
Symbol file LoadedFromMemory doesn't match image C:\Users\cozilas\Desktop\dogGame\doggyGame\projectUni\Library\PackageCache\com.unity.visualscripting@1.7.6\Editor\VisualScripting.Core\Dependencies\DotNetZip\Unity.VisualScripting.IonicZip.dll
Native extension for WindowsStandalone target not found
Refreshing native plugins compatible for Editor in 228.47 ms, found 3 plugins.
Preloading 0 native plugins for Editor in 0.00 ms.
Mono: successfully reloaded assembly
Package Manager log level set to [2]
- Completed reload, in  3.069 seconds
Domain Reload Profiling:
	ReloadAssembly (3070ms)
		BeginReloadAssembly (179ms)
			ExecutionOrderSort (0ms)
			DisableScriptedObjects (9ms)
			BackupInstance (0ms)
			ReleaseScriptingObjects (0ms)
			CreateAndSetChildDomain (27ms)
		EndReloadAssembly (2677ms)
			LoadAssemblies (200ms)
			RebuildTransferFunctionScriptingTraits (0ms)
			SetupTypeCache (432ms)
			ReleaseScriptCaches (1ms)
			RebuildScriptCaches (96ms)
			SetupLoadedEditorAssemblies (1870ms)
				LogAssemblyErrors (0ms)
				InitializePlatformSupportModulesInManaged (23ms)
				SetLoadedEditorAssemblies (0ms)
				RefreshPlugins (229ms)
				BeforeProcessingInitializeOnLoad (206ms)
				ProcessInitializeOnLoadAttributes (1270ms)
				ProcessInitializeOnLoadMethodAttributes (126ms)
				AfterProcessingInitializeOnLoad (15ms)
				EditorAssembliesLoaded (0ms)
			ExecutionOrderSort2 (0ms)
			AwakeInstancesAfterBackupRestoration (13ms)
Platform modules already initialized, skipping
========================================================================
Worker process is ready to serve import requests
Launched and connected shader compiler UnityShaderCompiler.exe after 0.14 seconds
Refreshing native plugins compatible for Editor in 2.15 ms, found 3 plugins.
Preloading 0 native plugins for Editor in 0.00 ms.
Unloading 5153 Unused Serialized files (Serialized files now loaded: 0)
Unloading 51 unused Assets / (0.7 MB). Loaded Objects now: 5588.
Memory consumption went from 206.8 MB to 206.1 MB.
Total: 7.648200 ms (FindLiveObjects: 0.654500 ms CreateObjectMapping: 0.498700 ms MarkObjects: 5.960800 ms  DeleteObjects: 0.531800 ms)

AssetImportParameters requested are different than current active one (requested -> active):
  custom:video-decoder-ogg-theora: a1e56fd34408186e4bbccfd4996cb3dc -> 
  custom:container-muxer-webm: aa71ff27fc2769a1b78a27578f13a17b -> 
  custom:container-demuxer-webm: 4f35f7cbe854078d1ac9338744f61a02 -> 
  custom:video-encoder-webm-vp8: eb34c28f22e8b96e1ab97ce403110664 -> 
  custom:audio-encoder-webm-vorbis: bf7c407c2cedff20999df2af8eb42d56 -> 
  custom:framework-win-MediaFoundation: 216162199b28c13a410421893ffa2e32 -> 
  custom:container-demuxer-ogg: 62fdf1f143b41e24485cea50d1cbac27 -> 
  custom:video-decoder-webm-vp8: 9c59270c3fd7afecdb556c50c9e8de78 -> 
  custom:audio-decoder-ogg-vorbis: bf7c407c2cedff20999df2af8eb42d56 -> 
========================================================================
Received Import Request.
  Time since last request: 247830.912138 seconds.
  path: Assets/Prefabs/fireAndBarel.prefab
  artifactKey: Guid(2bba860d8a58c0a40824628d64bc43cf) Importer(815301076,1909f56bfc062723c751e8b465ee728b)
Start importing Assets/Prefabs/fireAndBarel.prefab using Guid(2bba860d8a58c0a40824628d64bc43cf) Importer(815301076,1909f56bfc062723c751e8b465ee728b)  -> (artifact id: '8ec2b45bf150c2aa67c5be371418aeaa') in 0.663206 seconds 
========================================================================
Received Import Request.
  Time since last request: 0.000043 seconds.
  path: Assets/Prefabs/Tile8.prefab
  artifactKey: Guid(deb0e5833e723a749b7b57b4da8ac68a) Importer(815301076,1909f56bfc062723c751e8b465ee728b)
Start importing Assets/Prefabs/Tile8.prefab using Guid(deb0e5833e723a749b7b57b4da8ac68a) Importer(815301076,1909f56bfc062723c751e8b465ee728b)  -> (artifact id: '183e61737bc49dbf82d1b3ead4329044') in 0.211759 seconds 
========================================================================
Received Import Request.
  Time since last request: 0.000055 seconds.
  path: Assets/Prefabs/Tile2.prefab
  artifactKey: Guid(5e1c16cdcaff87c4a9c637ad20c02ed6) Importer(815301076,1909f56bfc062723c751e8b465ee728b)
Start importing Assets/Prefabs/Tile2.prefab using Guid(5e1c16cdcaff87c4a9c637ad20c02ed6) Importer(815301076,1909f56bfc062723c751e8b465ee728b)  -> (artifact id: '41a343c4349a7ea8a3a5306cc53a9d97') in 0.194724 seconds 
========================================================================
Received Import Request.
  Time since last request: 3.509523 seconds.
  path: Assets/Prefabs/fireAndBarel.prefab
  artifactKey: Guid(2bba860d8a58c0a40824628d64bc43cf) Importer(815301076,1909f56bfc062723c751e8b465ee728b)
Start importing Assets/Prefabs/fireAndBarel.prefab using Guid(2bba860d8a58c0a40824628d64bc43cf) Importer(815301076,1909f56bfc062723c751e8b465ee728b)  -> (artifact id: '52aa150294db8829d64bcd7bbedb1f2e') in 0.063923 seconds 
========================================================================
Received Import Request.
  Time since last request: 0.000041 seconds.
  path: Assets/Prefabs/Tile5.prefab
  artifactKey: Guid(112691b553fceab41a31a88910a75887) Importer(815301076,1909f56bfc062723c751e8b465ee728b)
Start importing Assets/Prefabs/Tile5.prefab using Guid(112691b553fceab41a31a88910a75887) Importer(815301076,1909f56bfc062723c751e8b465ee728b)  -> (artifact id: 'f86a1876be03046f54de0328948c69d8') in 0.235352 seconds 
========================================================================
Received Import Request.
  Time since last request: 0.000044 seconds.
  path: Assets/Prefabs/Tile6.prefab
  artifactKey: Guid(11ea72422bfcef9408322a27e050f26e) Importer(815301076,1909f56bfc062723c751e8b465ee728b)
Start importing Assets/Prefabs/Tile6.prefab using Guid(11ea72422bfcef9408322a27e050f26e) Importer(815301076,1909f56bfc062723c751e8b465ee728b)  -> (artifact id: 'b5b311d3ac3d9fb16d6ab9e6630e3413') in 0.276892 seconds 
========================================================================
Received Import Request.
  Time since last request: 0.000043 seconds.
  path: Assets/Prefabs/Tile4.prefab
  artifactKey: Guid(f3b3f8dd9c266354ebf3718767b9d13f) Importer(815301076,1909f56bfc062723c751e8b465ee728b)
Start importing Assets/Prefabs/Tile4.prefab using Guid(f3b3f8dd9c266354ebf3718767b9d13f) Importer(815301076,1909f56bfc062723c751e8b465ee728b)  -> (artifact id: '7218692fa484ecdc25653c396e8ca934') in 0.238713 seconds 
========================================================================
Received Import Request.
  Time since last request: 3.173030 seconds.
  path: Assets/Prefabs/fireAndBarel.prefab
  artifactKey: Guid(2bba860d8a58c0a40824628d64bc43cf) Importer(815301076,1909f56bfc062723c751e8b465ee728b)
Start importing Assets/Prefabs/fireAndBarel.prefab using Guid(2bba860d8a58c0a40824628d64bc43cf) Importer(815301076,1909f56bfc062723c751e8b465ee728b)  -> (artifact id: '9212e58caa7e1949da353c53420224db') in 0.073970 seconds 
========================================================================
Received Import Request.
  Time since last request: 0.000043 seconds.
  path: Assets/Prefabs/Tile5.prefab
  artifactKey: Guid(112691b553fceab41a31a88910a75887) Importer(815301076,1909f56bfc062723c751e8b465ee728b)
Start importing Assets/Prefabs/Tile5.prefab using Guid(112691b553fceab41a31a88910a75887) Importer(815301076,1909f56bfc062723c751e8b465ee728b)  -> (artifact id: '75482152b67534919c7c86d89db67e03') in 0.272578 seconds 
========================================================================
Received Import Request.
  Time since last request: 0.000043 seconds.
  path: Assets/Prefabs/Tile6.prefab
  artifactKey: Guid(11ea72422bfcef9408322a27e050f26e) Importer(815301076,1909f56bfc062723c751e8b465ee728b)
Start importing Assets/Prefabs/Tile6.prefab using Guid(11ea72422bfcef9408322a27e050f26e) Importer(815301076,1909f56bfc062723c751e8b465ee728b)  -> (artifact id: '2ede8a4b89db1935fc576eb83e09c2a3') in 0.248489 seconds 
========================================================================
Received Import Request.
  Time since last request: 0.000065 seconds.
  path: Assets/Prefabs/Tile4.prefab
  artifactKey: Guid(f3b3f8dd9c266354ebf3718767b9d13f) Importer(815301076,1909f56bfc062723c751e8b465ee728b)
Start importing Assets/Prefabs/Tile4.prefab using Guid(f3b3f8dd9c266354ebf3718767b9d13f) Importer(815301076,1909f56bfc062723c751e8b465ee728b)  -> (artifact id: '538ba5618399b4e0e6c179c2b75fca3d') in 0.286991 seconds 
========================================================================
Received Import Request.
  Time since last request: 10.689685 seconds.
  path: Assets/Prefabs/fireAndBarel.prefab
  artifactKey: Guid(2bba860d8a58c0a40824628d64bc43cf) Importer(815301076,1909f56bfc062723c751e8b465ee728b)
Start importing Assets/Prefabs/fireAndBarel.prefab using Guid(2bba860d8a58c0a40824628d64bc43cf) Importer(815301076,1909f56bfc062723c751e8b465ee728b)  -> (artifact id: 'a960446f9846973c0318d81e8044c6fa') in 0.060560 seconds 
========================================================================
Received Import Request.
  Time since last request: 0.000034 seconds.
  path: Assets/Prefabs/Tile5.prefab
  artifactKey: Guid(112691b553fceab41a31a88910a75887) Importer(815301076,1909f56bfc062723c751e8b465ee728b)
Start importing Assets/Prefabs/Tile5.prefab using Guid(112691b553fceab41a31a88910a75887) Importer(815301076,1909f56bfc062723c751e8b465ee728b)  -> (artifact id: '76bb7d8a060b87fc551073d616f3d5f7') in 0.328082 seconds 
========================================================================
Received Import Request.
  Time since last request: 0.000046 seconds.
  path: Assets/Prefabs/Tile6.prefab
  artifactKey: Guid(11ea72422bfcef9408322a27e050f26e) Importer(815301076,1909f56bfc062723c751e8b465ee728b)
Start importing Assets/Prefabs/Tile6.prefab using Guid(11ea72422bfcef9408322a27e050f26e) Importer(815301076,1909f56bfc062723c751e8b465ee728b)  -> (artifact id: 'dbd949806fe71610d20f1682406c3bb7') in 0.271921 seconds 
========================================================================
Received Import Request.
  Time since last request: 0.000071 seconds.
  path: Assets/Prefabs/Tile4.prefab
  artifactKey: Guid(f3b3f8dd9c266354ebf3718767b9d13f) Importer(815301076,1909f56bfc062723c751e8b465ee728b)
Start importing Assets/Prefabs/Tile4.prefab using Guid(f3b3f8dd9c266354ebf3718767b9d13f) Importer(815301076,1909f56bfc062723c751e8b465ee728b)  -> (artifact id: 'fa238b0dc1f69f9e89c788108cb27910') in 0.268923 seconds 
========================================================================
Received Import Request.
  Time since last request: 4.921266 seconds.
  path: Assets/Prefabs/fireAndBarel.prefab
  artifactKey: Guid(2bba860d8a58c0a40824628d64bc43cf) Importer(815301076,1909f56bfc062723c751e8b465ee728b)
Start importing Assets/Prefabs/fireAndBarel.prefab using Guid(2bba860d8a58c0a40824628d64bc43cf) Importer(815301076,1909f56bfc062723c751e8b465ee728b)  -> (artifact id: '00d004ecd2133cf542d12932196ce942') in 0.064501 seconds 
========================================================================
Received Import Request.
  Time since last request: 0.000029 seconds.
  path: Assets/Prefabs/Tile5.prefab
  artifactKey: Guid(112691b553fceab41a31a88910a75887) Importer(815301076,1909f56bfc062723c751e8b465ee728b)
Start importing Assets/Prefabs/Tile5.prefab using Guid(112691b553fceab41a31a88910a75887) Importer(815301076,1909f56bfc062723c751e8b465ee728b)  -> (artifact id: '75b960c910bd943e3ac003a7e40b8856') in 0.293345 seconds 
========================================================================
Received Import Request.
  Time since last request: 0.000097 seconds.
  path: Assets/Prefabs/Tile6.prefab
  artifactKey: Guid(11ea72422bfcef9408322a27e050f26e) Importer(815301076,1909f56bfc062723c751e8b465ee728b)
Start importing Assets/Prefabs/Tile6.prefab using Guid(11ea72422bfcef9408322a27e050f26e) Importer(815301076,1909f56bfc062723c751e8b465ee728b)  -> (artifact id: 'de935edeccedfd6cdfb6e87d942adbfc') in 0.262321 seconds 
========================================================================
Received Import Request.
  Time since last request: 0.000047 seconds.
  path: Assets/Prefabs/Tile4.prefab
  artifactKey: Guid(f3b3f8dd9c266354ebf3718767b9d13f) Importer(815301076,1909f56bfc062723c751e8b465ee728b)
Start importing Assets/Prefabs/Tile4.prefab using Guid(f3b3f8dd9c266354ebf3718767b9d13f) Importer(815301076,1909f56bfc062723c751e8b465ee728b)  -> (artifact id: 'f9db1e5792e133ac3ecc0de103f05721') in 0.294003 seconds 
========================================================================
Received Import Request.
  Time since last request: 6.487127 seconds.
  path: Assets/Prefabs/fireAndBarel.prefab
  artifactKey: Guid(2bba860d8a58c0a40824628d64bc43cf) Importer(815301076,1909f56bfc062723c751e8b465ee728b)
Start importing Assets/Prefabs/fireAndBarel.prefab using Guid(2bba860d8a58c0a40824628d64bc43cf) Importer(815301076,1909f56bfc062723c751e8b465ee728b)  -> (artifact id: '5955e982da3763b432be026dfa17af3d') in 0.069190 seconds 
========================================================================
Received Import Request.
  Time since last request: 0.000040 seconds.
  path: Assets/Prefabs/Tile5.prefab
  artifactKey: Guid(112691b553fceab41a31a88910a75887) Importer(815301076,1909f56bfc062723c751e8b465ee728b)
Start importing Assets/Prefabs/Tile5.prefab using Guid(112691b553fceab41a31a88910a75887) Importer(815301076,1909f56bfc062723c751e8b465ee728b)  -> (artifact id: '0d0e5f1488691b2bd28b37bdc074b28d') in 0.273359 seconds 
========================================================================
Received Import Request.
  Time since last request: 0.000044 seconds.
  path: Assets/Prefabs/Tile6.prefab
  artifactKey: Guid(11ea72422bfcef9408322a27e050f26e) Importer(815301076,1909f56bfc062723c751e8b465ee728b)
Start importing Assets/Prefabs/Tile6.prefab using Guid(11ea72422bfcef9408322a27e050f26e) Importer(815301076,1909f56bfc062723c751e8b465ee728b)  -> (artifact id: '00a3460912e8d80d14b1d1ffc9f10bdc') in 0.276204 seconds 
========================================================================
Received Import Request.
  Time since last request: 0.000065 seconds.
  path: Assets/Prefabs/Tile4.prefab
  artifactKey: Guid(f3b3f8dd9c266354ebf3718767b9d13f) Importer(815301076,1909f56bfc062723c751e8b465ee728b)
Start importing Assets/Prefabs/Tile4.prefab using Guid(f3b3f8dd9c266354ebf3718767b9d13f) Importer(815301076,1909f56bfc062723c751e8b465ee728b)  -> (artifact id: '22b7e928a2d8cda8f7c1cfe04c7bd0fb') in 0.375256 seconds 
Editor requested this worker to shutdown with reason: Scaling down because of idle timeout
AssetImportWorker is now disconnected from the server
Process exiting
Exiting without the bug reporter. Application will terminate with return code 0